[3.526s] Invoking command in '/home/kim/ros2_ws/src/my_py_pkg': PYTHONPATH=/home/kim/ros2_ws/src/build/my_py_pkg/prefix_override:/usr/lib/python3/dist-packages/colcon_core/task/python/colcon_distutils_commands:/home/kim/ros2_ws/src/install/my_py_pkg/lib/python3.8/site-packages:${PYTHONPATH} /usr/bin/python3 -W ignore:setup.py install is deprecated setup.py egg_info --egg-base ../build/my_py_pkg build --build-base /home/kim/ros2_ws/src/build/my_py_pkg/build install --record /home/kim/ros2_ws/src/build/my_py_pkg/install.log --install-scripts $base/lib/my_py_pkg --single-version-externally-managed install_data
[4.660s] running egg_info
[4.663s] creating ../build/my_py_pkg/my_py_pkg.egg-info
[4.664s] writing ../build/my_py_pkg/my_py_pkg.egg-info/PKG-INFO
[4.665s] writing dependency_links to ../build/my_py_pkg/my_py_pkg.egg-info/dependency_links.txt
[4.666s] writing entry points to ../build/my_py_pkg/my_py_pkg.egg-info/entry_points.txt
[4.667s] writing requirements to ../build/my_py_pkg/my_py_pkg.egg-info/requires.txt
[4.667s] writing top-level names to ../build/my_py_pkg/my_py_pkg.egg-info/top_level.txt
[4.676s] writing manifest file '../build/my_py_pkg/my_py_pkg.egg-info/SOURCES.txt'
[4.850s] reading manifest file '../build/my_py_pkg/my_py_pkg.egg-info/SOURCES.txt'
[4.853s] writing manifest file '../build/my_py_pkg/my_py_pkg.egg-info/SOURCES.txt'
[4.854s] running build
[4.854s] running build_py
[4.855s] creating /home/kim/ros2_ws/src/build/my_py_pkg/build
[4.856s] creating /home/kim/ros2_ws/src/build/my_py_pkg/build/lib
[4.856s] creating /home/kim/ros2_ws/src/build/my_py_pkg/build/lib/my_py_pkg
[4.857s] copying my_py_pkg/my_first_node.py -> /home/kim/ros2_ws/src/build/my_py_pkg/build/lib/my_py_pkg
[4.858s] copying my_py_pkg/__init__.py -> /home/kim/ros2_ws/src/build/my_py_pkg/build/lib/my_py_pkg
[4.858s] running install
[4.861s] running install_lib
[4.866s] creating /home/kim/ros2_ws/src/install/my_py_pkg/lib/python3.8/site-packages/my_py_pkg
[4.867s] copying /home/kim/ros2_ws/src/build/my_py_pkg/build/lib/my_py_pkg/my_first_node.py -> /home/kim/ros2_ws/src/install/my_py_pkg/lib/python3.8/site-packages/my_py_pkg
[4.867s] copying /home/kim/ros2_ws/src/build/my_py_pkg/build/lib/my_py_pkg/__init__.py -> /home/kim/ros2_ws/src/install/my_py_pkg/lib/python3.8/site-packages/my_py_pkg
[4.870s] byte-compiling /home/kim/ros2_ws/src/install/my_py_pkg/lib/python3.8/site-packages/my_py_pkg/my_first_node.py to my_first_node.cpython-38.pyc
[4.877s] byte-compiling /home/kim/ros2_ws/src/install/my_py_pkg/lib/python3.8/site-packages/my_py_pkg/__init__.py to __init__.cpython-38.pyc
[4.878s] running install_data
[4.878s] creating /home/kim/ros2_ws/src/install/my_py_pkg/share/ament_index
[4.879s] creating /home/kim/ros2_ws/src/install/my_py_pkg/share/ament_index/resource_index
[4.880s] creating /home/kim/ros2_ws/src/install/my_py_pkg/share/ament_index/resource_index/packages
[4.880s] copying resource/my_py_pkg -> /home/kim/ros2_ws/src/install/my_py_pkg/share/ament_index/resource_index/packages
[4.881s] copying package.xml -> /home/kim/ros2_ws/src/install/my_py_pkg/share/my_py_pkg
[4.881s] running install_egg_info
[4.888s] Copying ../build/my_py_pkg/my_py_pkg.egg-info to /home/kim/ros2_ws/src/install/my_py_pkg/lib/python3.8/site-packages/my_py_pkg-0.0.0-py3.8.egg-info
[4.894s] running install_scripts
[4.972s] Installing py_node script to /home/kim/ros2_ws/src/install/my_py_pkg/lib/my_py_pkg
[4.974s] writing list of installed files to '/home/kim/ros2_ws/src/build/my_py_pkg/install.log'
[5.081s] Invoked command in '/home/kim/ros2_ws/src/my_py_pkg' returned '0': PYTHONPATH=/home/kim/ros2_ws/src/build/my_py_pkg/prefix_override:/usr/lib/python3/dist-packages/colcon_core/task/python/colcon_distutils_commands:/home/kim/ros2_ws/src/install/my_py_pkg/lib/python3.8/site-packages:${PYTHONPATH} /usr/bin/python3 -W ignore:setup.py install is deprecated setup.py egg_info --egg-base ../build/my_py_pkg build --build-base /home/kim/ros2_ws/src/build/my_py_pkg/build install --record /home/kim/ros2_ws/src/build/my_py_pkg/install.log --install-scripts $base/lib/my_py_pkg --single-version-externally-managed install_data
