[3.299s] Invoking command in '/home/kim/ros2_ws/src/my_py_pkg': PYTHONPATH=/home/kim/ros2_ws/build/my_py_pkg/prefix_override:/usr/lib/python3/dist-packages/colcon_core/task/python/colcon_distutils_commands:/home/kim/ros2_ws/install/my_py_pkg/lib/python3.8/site-packages:${PYTHONPATH} /usr/bin/python3 -W ignore:setup.py install is deprecated setup.py egg_info --egg-base ../../build/my_py_pkg build --build-base /home/kim/ros2_ws/build/my_py_pkg/build install --record /home/kim/ros2_ws/build/my_py_pkg/install.log --install-scripts $base/lib/my_py_pkg --single-version-externally-managed install_data
[4.374s] running egg_info
[4.378s] writing ../../build/my_py_pkg/my_py_pkg.egg-info/PKG-INFO
[4.379s] writing dependency_links to ../../build/my_py_pkg/my_py_pkg.egg-info/dependency_links.txt
[4.380s] writing entry points to ../../build/my_py_pkg/my_py_pkg.egg-info/entry_points.txt
[4.381s] writing requirements to ../../build/my_py_pkg/my_py_pkg.egg-info/requires.txt
[4.381s] writing top-level names to ../../build/my_py_pkg/my_py_pkg.egg-info/top_level.txt
[4.549s] reading manifest file '../../build/my_py_pkg/my_py_pkg.egg-info/SOURCES.txt'
[4.553s] writing manifest file '../../build/my_py_pkg/my_py_pkg.egg-info/SOURCES.txt'
[4.555s] running build
[4.556s] running build_py
[4.557s] copying my_py_pkg/my_first_node.py -> /home/kim/ros2_ws/build/my_py_pkg/build/lib/my_py_pkg
[4.557s] running install
[4.560s] running install_lib
[4.565s] copying /home/kim/ros2_ws/build/my_py_pkg/build/lib/my_py_pkg/my_first_node.py -> /home/kim/ros2_ws/install/my_py_pkg/lib/python3.8/site-packages/my_py_pkg
[4.568s] byte-compiling /home/kim/ros2_ws/install/my_py_pkg/lib/python3.8/site-packages/my_py_pkg/my_first_node.py to my_first_node.cpython-38.pyc
[4.574s] running install_data
[4.575s] running install_egg_info
[4.582s] removing '/home/kim/ros2_ws/install/my_py_pkg/lib/python3.8/site-packages/my_py_pkg-0.0.0-py3.8.egg-info' (and everything under it)
[4.584s] Copying ../../build/my_py_pkg/my_py_pkg.egg-info to /home/kim/ros2_ws/install/my_py_pkg/lib/python3.8/site-packages/my_py_pkg-0.0.0-py3.8.egg-info
[4.590s] running install_scripts
[4.665s] Installing py_node script to /home/kim/ros2_ws/install/my_py_pkg/lib/my_py_pkg
[4.666s] writing list of installed files to '/home/kim/ros2_ws/build/my_py_pkg/install.log'
[4.761s] Invoked command in '/home/kim/ros2_ws/src/my_py_pkg' returned '0': PYTHONPATH=/home/kim/ros2_ws/build/my_py_pkg/prefix_override:/usr/lib/python3/dist-packages/colcon_core/task/python/colcon_distutils_commands:/home/kim/ros2_ws/install/my_py_pkg/lib/python3.8/site-packages:${PYTHONPATH} /usr/bin/python3 -W ignore:setup.py install is deprecated setup.py egg_info --egg-base ../../build/my_py_pkg build --build-base /home/kim/ros2_ws/build/my_py_pkg/build install --record /home/kim/ros2_ws/build/my_py_pkg/install.log --install-scripts $base/lib/my_py_pkg --single-version-externally-managed install_data
