[3.372s] Invoking command in '/home/kim/ros2_ws/src/my_py_pkg': PYTHONPATH=/home/kim/ros2_ws/build/my_py_pkg/prefix_override:/usr/lib/python3/dist-packages/colcon_core/task/python/colcon_distutils_commands:/home/kim/ros2_ws/install/my_py_pkg/lib/python3.8/site-packages:${PYTHONPATH} /usr/bin/python3 -W ignore:setup.py install is deprecated setup.py egg_info --egg-base ../../build/my_py_pkg build --build-base /home/kim/ros2_ws/build/my_py_pkg/build install --record /home/kim/ros2_ws/build/my_py_pkg/install.log --install-scripts $base/lib/my_py_pkg --single-version-externally-managed install_data
[4.502s] running egg_info
[4.506s] writing ../../build/my_py_pkg/my_py_pkg.egg-info/PKG-INFO
[4.507s] writing dependency_links to ../../build/my_py_pkg/my_py_pkg.egg-info/dependency_links.txt
[4.508s] writing entry points to ../../build/my_py_pkg/my_py_pkg.egg-info/entry_points.txt
[4.509s] writing requirements to ../../build/my_py_pkg/my_py_pkg.egg-info/requires.txt
[4.509s] writing top-level names to ../../build/my_py_pkg/my_py_pkg.egg-info/top_level.txt
[4.693s] reading manifest file '../../build/my_py_pkg/my_py_pkg.egg-info/SOURCES.txt'
[4.697s] writing manifest file '../../build/my_py_pkg/my_py_pkg.egg-info/SOURCES.txt'
[4.698s] running build
[4.699s] running build_py
[4.699s] running install
[4.704s] running install_lib
[4.711s] running install_data
[4.711s] copying package.xml -> /home/kim/ros2_ws/install/my_py_pkg/share/my_py_pkg
[4.712s] running install_egg_info
[4.721s] removing '/home/kim/ros2_ws/install/my_py_pkg/lib/python3.8/site-packages/my_py_pkg-0.0.0-py3.8.egg-info' (and everything under it)
[4.723s] Copying ../../build/my_py_pkg/my_py_pkg.egg-info to /home/kim/ros2_ws/install/my_py_pkg/lib/python3.8/site-packages/my_py_pkg-0.0.0-py3.8.egg-info
[4.730s] running install_scripts
[4.812s] writing list of installed files to '/home/kim/ros2_ws/build/my_py_pkg/install.log'
[4.914s] Invoked command in '/home/kim/ros2_ws/src/my_py_pkg' returned '0': PYTHONPATH=/home/kim/ros2_ws/build/my_py_pkg/prefix_override:/usr/lib/python3/dist-packages/colcon_core/task/python/colcon_distutils_commands:/home/kim/ros2_ws/install/my_py_pkg/lib/python3.8/site-packages:${PYTHONPATH} /usr/bin/python3 -W ignore:setup.py install is deprecated setup.py egg_info --egg-base ../../build/my_py_pkg build --build-base /home/kim/ros2_ws/build/my_py_pkg/build install --record /home/kim/ros2_ws/build/my_py_pkg/install.log --install-scripts $base/lib/my_py_pkg --single-version-externally-managed install_data
