[0.951s] DEBUG:colcon:Command line arguments: ['/usr/bin/colcon', 'build']
[0.951s] DEBUG:colcon:Parsed command line arguments: Namespace(allow_overriding=[], ament_cmake_args=None, base_paths=['.'], build_base='build', catkin_cmake_args=None, catkin_skip_building_tests=False, cmake_args=None, cmake_clean_cache=False, cmake_clean_first=False, cmake_force_configure=False, cmake_target=None, cmake_target_skip_unavailable=False, continue_on_error=False, event_handlers=None, executor='parallel', ignore_user_meta=False, install_base='install', log_base=None, log_level=None, main=<bound method BuildVerb.main of <colcon_core.verb.build.BuildVerb object at 0xffffa27851f0>>, merge_install=False, metas=['./colcon.meta'], mixin=None, mixin_files=None, mixin_verb=('build',), packages_above=None, packages_above_and_dependencies=None, packages_above_depth=None, packages_end=None, packages_ignore=None, packages_ignore_regex=None, packages_select=None, packages_select_build_failed=False, packages_select_by_dep=None, packages_select_regex=None, packages_select_test_failures=False, packages_skip=None, packages_skip_build_finished=False, packages_skip_by_dep=None, packages_skip_regex=None, packages_skip_test_passed=False, packages_skip_up_to=None, packages_start=None, packages_up_to=None, packages_up_to_regex=None, parallel_workers=6, paths=None, symlink_install=False, test_result_base=None, verb_extension=<colcon_core.verb.build.BuildVerb object at 0xffffa27851f0>, verb_name='build', verb_parser=<colcon_mixin.mixin.mixin_argument.MixinArgumentDecorator object at 0xffffa26b6100>)
[1.742s] Level 1:colcon.colcon_core.package_discovery:discover_packages(colcon_meta) check parameters
[1.743s] Level 1:colcon.colcon_core.package_discovery:discover_packages(recursive) check parameters
[1.744s] Level 1:colcon.colcon_core.package_discovery:discover_packages(ignore) check parameters
[1.744s] Level 1:colcon.colcon_core.package_discovery:discover_packages(path) check parameters
[1.744s] Level 1:colcon.colcon_core.package_discovery:discover_packages(colcon_meta) discover
[1.744s] Level 1:colcon.colcon_core.package_discovery:discover_packages(recursive) discover
[1.745s] INFO:colcon.colcon_core.package_discovery:Crawling recursively for packages in '/home/kim/ros2_ws'
[1.745s] Level 1:colcon.colcon_core.package_identification:_identify(.) by extensions ['ignore', 'ignore_ament_install']
[1.746s] Level 1:colcon.colcon_core.package_identification:_identify(.) by extension 'ignore'
[1.746s] Level 1:colcon.colcon_core.package_identification:_identify(.) by extension 'ignore_ament_install'
[1.746s] Level 1:colcon.colcon_core.package_identification:_identify(.) by extensions ['colcon_pkg']
[1.746s] Level 1:colcon.colcon_core.package_identification:_identify(.) by extension 'colcon_pkg'
[1.747s] Level 1:colcon.colcon_core.package_identification:_identify(.) by extensions ['colcon_meta']
[1.747s] Level 1:colcon.colcon_core.package_identification:_identify(.) by extension 'colcon_meta'
[1.747s] Level 1:colcon.colcon_core.package_identification:_identify(.) by extensions ['ros']
[1.747s] Level 1:colcon.colcon_core.package_identification:_identify(.) by extension 'ros'
[1.802s] Level 1:colcon.colcon_core.package_identification:_identify(.) by extensions ['cmake', 'python']
[1.803s] Level 1:colcon.colcon_core.package_identification:_identify(.) by extension 'cmake'
[1.803s] Level 1:colcon.colcon_core.package_identification:_identify(.) by extension 'python'
[1.803s] Level 1:colcon.colcon_core.package_identification:_identify(.) by extensions ['python_setup_py']
[1.804s] Level 1:colcon.colcon_core.package_identification:_identify(.) by extension 'python_setup_py'
[1.804s] Level 1:colcon.colcon_core.package_identification:_identify(build) by extensions ['ignore', 'ignore_ament_install']
[1.805s] Level 1:colcon.colcon_core.package_identification:_identify(build) by extension 'ignore'
[1.805s] Level 1:colcon.colcon_core.package_identification:_identify(build) ignored
[1.806s] Level 1:colcon.colcon_core.package_identification:_identify(install) by extensions ['ignore', 'ignore_ament_install']
[1.806s] Level 1:colcon.colcon_core.package_identification:_identify(install) by extension 'ignore'
[1.806s] Level 1:colcon.colcon_core.package_identification:_identify(install) ignored
[1.807s] Level 1:colcon.colcon_core.package_identification:_identify(log) by extensions ['ignore', 'ignore_ament_install']
[1.807s] Level 1:colcon.colcon_core.package_identification:_identify(log) by extension 'ignore'
[1.808s] Level 1:colcon.colcon_core.package_identification:_identify(log) ignored
[1.808s] Level 1:colcon.colcon_core.package_identification:_identify(src) by extensions ['ignore', 'ignore_ament_install']
[1.808s] Level 1:colcon.colcon_core.package_identification:_identify(src) by extension 'ignore'
[1.809s] Level 1:colcon.colcon_core.package_identification:_identify(src) by extension 'ignore_ament_install'
[1.809s] Level 1:colcon.colcon_core.package_identification:_identify(src) by extensions ['colcon_pkg']
[1.809s] Level 1:colcon.colcon_core.package_identification:_identify(src) by extension 'colcon_pkg'
[1.809s] Level 1:colcon.colcon_core.package_identification:_identify(src) by extensions ['colcon_meta']
[1.810s] Level 1:colcon.colcon_core.package_identification:_identify(src) by extension 'colcon_meta'
[1.810s] Level 1:colcon.colcon_core.package_identification:_identify(src) by extensions ['ros']
[1.810s] Level 1:colcon.colcon_core.package_identification:_identify(src) by extension 'ros'
[1.810s] Level 1:colcon.colcon_core.package_identification:_identify(src) by extensions ['cmake', 'python']
[1.811s] Level 1:colcon.colcon_core.package_identification:_identify(src) by extension 'cmake'
[1.811s] Level 1:colcon.colcon_core.package_identification:_identify(src) by extension 'python'
[1.811s] Level 1:colcon.colcon_core.package_identification:_identify(src) by extensions ['python_setup_py']
[1.811s] Level 1:colcon.colcon_core.package_identification:_identify(src) by extension 'python_setup_py'
[1.812s] Level 1:colcon.colcon_core.package_identification:_identify(src/my_cpp_pkg) by extensions ['ignore', 'ignore_ament_install']
[1.812s] Level 1:colcon.colcon_core.package_identification:_identify(src/my_cpp_pkg) by extension 'ignore'
[1.813s] Level 1:colcon.colcon_core.package_identification:_identify(src/my_cpp_pkg) by extension 'ignore_ament_install'
[1.813s] Level 1:colcon.colcon_core.package_identification:_identify(src/my_cpp_pkg) by extensions ['colcon_pkg']
[1.813s] Level 1:colcon.colcon_core.package_identification:_identify(src/my_cpp_pkg) by extension 'colcon_pkg'
[1.813s] Level 1:colcon.colcon_core.package_identification:_identify(src/my_cpp_pkg) by extensions ['colcon_meta']
[1.813s] Level 1:colcon.colcon_core.package_identification:_identify(src/my_cpp_pkg) by extension 'colcon_meta'
[1.814s] Level 1:colcon.colcon_core.package_identification:_identify(src/my_cpp_pkg) by extensions ['ros']
[1.814s] Level 1:colcon.colcon_core.package_identification:_identify(src/my_cpp_pkg) by extension 'ros'
[1.826s] DEBUG:colcon.colcon_core.package_identification:Package 'src/my_cpp_pkg' with type 'ros.ament_cmake' and name 'my_cpp_pkg'
[1.826s] Level 1:colcon.colcon_core.package_identification:_identify(src/my_py_pkg) by extensions ['ignore', 'ignore_ament_install']
[1.827s] Level 1:colcon.colcon_core.package_identification:_identify(src/my_py_pkg) by extension 'ignore'
[1.827s] Level 1:colcon.colcon_core.package_identification:_identify(src/my_py_pkg) by extension 'ignore_ament_install'
[1.827s] Level 1:colcon.colcon_core.package_identification:_identify(src/my_py_pkg) by extensions ['colcon_pkg']
[1.828s] Level 1:colcon.colcon_core.package_identification:_identify(src/my_py_pkg) by extension 'colcon_pkg'
[1.828s] Level 1:colcon.colcon_core.package_identification:_identify(src/my_py_pkg) by extensions ['colcon_meta']
[1.828s] Level 1:colcon.colcon_core.package_identification:_identify(src/my_py_pkg) by extension 'colcon_meta'
[1.828s] Level 1:colcon.colcon_core.package_identification:_identify(src/my_py_pkg) by extensions ['ros']
[1.828s] Level 1:colcon.colcon_core.package_identification:_identify(src/my_py_pkg) by extension 'ros'
[1.831s] DEBUG:colcon.colcon_core.package_identification:Package 'src/my_py_pkg' with type 'ros.ament_python' and name 'my_py_pkg'
[1.832s] Level 1:colcon.colcon_core.package_discovery:discover_packages(recursive) using defaults
[1.832s] Level 1:colcon.colcon_core.package_discovery:discover_packages(ignore) discover
[1.832s] Level 1:colcon.colcon_core.package_discovery:discover_packages(ignore) using defaults
[1.832s] Level 1:colcon.colcon_core.package_discovery:discover_packages(path) discover
[1.832s] Level 1:colcon.colcon_core.package_discovery:discover_packages(path) using defaults
[1.902s] Level 1:colcon.colcon_core.package_discovery:discover_packages(prefix_path) check parameters
[1.902s] Level 1:colcon.colcon_core.package_discovery:discover_packages(prefix_path) discover
[1.911s] DEBUG:colcon.colcon_installed_package_information.package_discovery:Found 2 installed packages in /home/kim/ros2_ws/install
[1.919s] DEBUG:colcon.colcon_installed_package_information.package_discovery:Found 256 installed packages in /opt/ros/foxy
[1.967s] Level 1:colcon.colcon_core.package_discovery:discover_packages(prefix_path) using defaults
[2.265s] Level 5:colcon.colcon_core.verb:set package 'my_cpp_pkg' build argument 'cmake_args' from command line to 'None'
[2.266s] Level 5:colcon.colcon_core.verb:set package 'my_cpp_pkg' build argument 'cmake_target' from command line to 'None'
[2.266s] Level 5:colcon.colcon_core.verb:set package 'my_cpp_pkg' build argument 'cmake_target_skip_unavailable' from command line to 'False'
[2.266s] Level 5:colcon.colcon_core.verb:set package 'my_cpp_pkg' build argument 'cmake_clean_cache' from command line to 'False'
[2.266s] Level 5:colcon.colcon_core.verb:set package 'my_cpp_pkg' build argument 'cmake_clean_first' from command line to 'False'
[2.266s] Level 5:colcon.colcon_core.verb:set package 'my_cpp_pkg' build argument 'cmake_force_configure' from command line to 'False'
[2.266s] Level 5:colcon.colcon_core.verb:set package 'my_cpp_pkg' build argument 'ament_cmake_args' from command line to 'None'
[2.267s] Level 5:colcon.colcon_core.verb:set package 'my_cpp_pkg' build argument 'catkin_cmake_args' from command line to 'None'
[2.267s] Level 5:colcon.colcon_core.verb:set package 'my_cpp_pkg' build argument 'catkin_skip_building_tests' from command line to 'False'
[2.267s] DEBUG:colcon.colcon_core.verb:Building package 'my_cpp_pkg' with the following arguments: {'ament_cmake_args': None, 'build_base': '/home/kim/ros2_ws/build/my_cpp_pkg', 'catkin_cmake_args': None, 'catkin_skip_building_tests': False, 'cmake_args': None, 'cmake_clean_cache': False, 'cmake_clean_first': False, 'cmake_force_configure': False, 'cmake_target': None, 'cmake_target_skip_unavailable': False, 'install_base': '/home/kim/ros2_ws/install/my_cpp_pkg', 'merge_install': False, 'path': '/home/kim/ros2_ws/src/my_cpp_pkg', 'symlink_install': False, 'test_result_base': None}
[2.269s] Level 5:colcon.colcon_core.verb:set package 'my_py_pkg' build argument 'cmake_args' from command line to 'None'
[2.269s] Level 5:colcon.colcon_core.verb:set package 'my_py_pkg' build argument 'cmake_target' from command line to 'None'
[2.269s] Level 5:colcon.colcon_core.verb:set package 'my_py_pkg' build argument 'cmake_target_skip_unavailable' from command line to 'False'
[2.270s] Level 5:colcon.colcon_core.verb:set package 'my_py_pkg' build argument 'cmake_clean_cache' from command line to 'False'
[2.270s] Level 5:colcon.colcon_core.verb:set package 'my_py_pkg' build argument 'cmake_clean_first' from command line to 'False'
[2.270s] Level 5:colcon.colcon_core.verb:set package 'my_py_pkg' build argument 'cmake_force_configure' from command line to 'False'
[2.270s] Level 5:colcon.colcon_core.verb:set package 'my_py_pkg' build argument 'ament_cmake_args' from command line to 'None'
[2.270s] Level 5:colcon.colcon_core.verb:set package 'my_py_pkg' build argument 'catkin_cmake_args' from command line to 'None'
[2.270s] Level 5:colcon.colcon_core.verb:set package 'my_py_pkg' build argument 'catkin_skip_building_tests' from command line to 'False'
[2.271s] DEBUG:colcon.colcon_core.verb:Building package 'my_py_pkg' with the following arguments: {'ament_cmake_args': None, 'build_base': '/home/kim/ros2_ws/build/my_py_pkg', 'catkin_cmake_args': None, 'catkin_skip_building_tests': False, 'cmake_args': None, 'cmake_clean_cache': False, 'cmake_clean_first': False, 'cmake_force_configure': False, 'cmake_target': None, 'cmake_target_skip_unavailable': False, 'install_base': '/home/kim/ros2_ws/install/my_py_pkg', 'merge_install': False, 'path': '/home/kim/ros2_ws/src/my_py_pkg', 'symlink_install': False, 'test_result_base': None}
[2.271s] INFO:colcon.colcon_core.executor:Executing jobs using 'parallel' executor
[2.276s] DEBUG:colcon.colcon_parallel_executor.executor.parallel:run_until_complete
[2.277s] INFO:colcon.colcon_ros.task.ament_cmake.build:Building ROS package in '/home/kim/ros2_ws/src/my_cpp_pkg' with build type 'ament_cmake'
[2.278s] INFO:colcon.colcon_cmake.task.cmake.build:Building CMake package in '/home/kim/ros2_ws/src/my_cpp_pkg'
[2.288s] INFO:colcon.colcon_core.plugin_system:Skipping extension 'colcon_core.shell.bat': Not used on non-Windows systems
[2.290s] INFO:colcon.colcon_core.shell:Skip shell extension 'powershell' for command environment: Not usable outside of PowerShell
[2.290s] DEBUG:colcon.colcon_core.shell:Skip shell extension 'dsv' for command environment
[2.319s] INFO:colcon.colcon_ros.task.ament_python.build:Building ROS package in '/home/kim/ros2_ws/src/my_py_pkg' with build type 'ament_python'
[2.322s] Level 1:colcon.colcon_core.shell:create_environment_hook('my_py_pkg', 'ament_prefix_path')
[2.327s] INFO:colcon.colcon_core.shell:Creating environment hook '/home/kim/ros2_ws/install/my_py_pkg/share/my_py_pkg/hook/ament_prefix_path.ps1'
[2.333s] INFO:colcon.colcon_core.shell:Creating environment descriptor '/home/kim/ros2_ws/install/my_py_pkg/share/my_py_pkg/hook/ament_prefix_path.dsv'
[2.336s] INFO:colcon.colcon_core.shell:Creating environment hook '/home/kim/ros2_ws/install/my_py_pkg/share/my_py_pkg/hook/ament_prefix_path.sh'
[2.340s] INFO:colcon.colcon_core.shell:Skip shell extension 'powershell' for command environment: Not usable outside of PowerShell
[2.340s] DEBUG:colcon.colcon_core.shell:Skip shell extension 'dsv' for command environment
[2.413s] DEBUG:colcon.colcon_core.event_handler.log_command:Invoking command in '/home/kim/ros2_ws/build/my_cpp_pkg': CMAKE_PREFIX_PATH=${CMAKE_PREFIX_PATH}:/home/kim/ros2_ws/install/my_py_pkg:/opt/ros/foxy /usr/bin/cmake --build /home/kim/ros2_ws/build/my_cpp_pkg -- -j6 -l6
[3.579s] INFO:colcon.colcon_core.task.python.build:Building Python package in '/home/kim/ros2_ws/src/my_py_pkg'
[3.584s] INFO:colcon.colcon_core.shell:Skip shell extension 'powershell' for command environment: Not usable outside of PowerShell
[3.584s] DEBUG:colcon.colcon_core.shell:Skip shell extension 'dsv' for command environment
[3.628s] DEBUG:colcon.colcon_core.event_handler.log_command:Invoked command in '/home/kim/ros2_ws/build/my_cpp_pkg' returned '0': CMAKE_PREFIX_PATH=${CMAKE_PREFIX_PATH}:/home/kim/ros2_ws/install/my_py_pkg:/opt/ros/foxy /usr/bin/cmake --build /home/kim/ros2_ws/build/my_cpp_pkg -- -j6 -l6
[3.844s] DEBUG:colcon.colcon_core.event_handler.log_command:Invoking command in '/home/kim/ros2_ws/build/my_cpp_pkg': CMAKE_PREFIX_PATH=${CMAKE_PREFIX_PATH}:/home/kim/ros2_ws/install/my_py_pkg:/opt/ros/foxy /usr/bin/cmake --install /home/kim/ros2_ws/build/my_cpp_pkg
[3.900s] Level 1:colcon.colcon_core.environment:create_environment_scripts_only(my_cpp_pkg)
[3.906s] DEBUG:colcon.colcon_core.event_handler.log_command:Invoked command in '/home/kim/ros2_ws/build/my_cpp_pkg' returned '0': CMAKE_PREFIX_PATH=${CMAKE_PREFIX_PATH}:/home/kim/ros2_ws/install/my_py_pkg:/opt/ros/foxy /usr/bin/cmake --install /home/kim/ros2_ws/build/my_cpp_pkg
[3.919s] Level 1:colcon.colcon_core.environment:checking '/home/kim/ros2_ws/install/my_cpp_pkg' for CMake module files
[3.922s] Level 1:colcon.colcon_core.environment:checking '/home/kim/ros2_ws/install/my_cpp_pkg' for CMake config files
[3.923s] Level 1:colcon.colcon_core.shell:create_environment_hook('my_cpp_pkg', 'cmake_prefix_path')
[3.925s] INFO:colcon.colcon_core.shell:Creating environment hook '/home/kim/ros2_ws/install/my_cpp_pkg/share/my_cpp_pkg/hook/cmake_prefix_path.ps1'
[3.929s] INFO:colcon.colcon_core.shell:Creating environment descriptor '/home/kim/ros2_ws/install/my_cpp_pkg/share/my_cpp_pkg/hook/cmake_prefix_path.dsv'
[3.932s] INFO:colcon.colcon_core.shell:Creating environment hook '/home/kim/ros2_ws/install/my_cpp_pkg/share/my_cpp_pkg/hook/cmake_prefix_path.sh'
[3.936s] Level 1:colcon.colcon_core.environment:checking '/home/kim/ros2_ws/install/my_cpp_pkg/bin'
[3.937s] Level 1:colcon.colcon_core.environment:checking '/home/kim/ros2_ws/install/my_cpp_pkg/lib/pkgconfig/my_cpp_pkg.pc'
[3.938s] Level 1:colcon.colcon_core.environment:checking '/home/kim/ros2_ws/install/my_cpp_pkg/lib/python3.8/site-packages'
[3.939s] Level 1:colcon.colcon_core.environment:checking '/home/kim/ros2_ws/install/my_cpp_pkg/bin'
[3.941s] INFO:colcon.colcon_core.shell:Creating package script '/home/kim/ros2_ws/install/my_cpp_pkg/share/my_cpp_pkg/package.ps1'
[3.946s] INFO:colcon.colcon_core.shell:Creating package descriptor '/home/kim/ros2_ws/install/my_cpp_pkg/share/my_cpp_pkg/package.dsv'
[3.949s] INFO:colcon.colcon_core.shell:Creating package script '/home/kim/ros2_ws/install/my_cpp_pkg/share/my_cpp_pkg/package.sh'
[3.953s] INFO:colcon.colcon_core.shell:Creating package script '/home/kim/ros2_ws/install/my_cpp_pkg/share/my_cpp_pkg/package.bash'
[3.956s] INFO:colcon.colcon_core.shell:Creating package script '/home/kim/ros2_ws/install/my_cpp_pkg/share/my_cpp_pkg/package.zsh'
[3.960s] Level 1:colcon.colcon_core.environment:create_file_with_runtime_dependencies(/home/kim/ros2_ws/install/my_cpp_pkg/share/colcon-core/packages/my_cpp_pkg)
[4.091s] Level 1:colcon.colcon_core.environment:create_environment_scripts_only(my_cpp_pkg)
[4.094s] Level 1:colcon.colcon_core.environment:checking '/home/kim/ros2_ws/install/my_cpp_pkg' for CMake module files
[4.097s] Level 1:colcon.colcon_core.environment:checking '/home/kim/ros2_ws/install/my_cpp_pkg' for CMake config files
[4.099s] Level 1:colcon.colcon_core.shell:create_environment_hook('my_cpp_pkg', 'cmake_prefix_path')
[4.101s] INFO:colcon.colcon_core.shell:Creating environment hook '/home/kim/ros2_ws/install/my_cpp_pkg/share/my_cpp_pkg/hook/cmake_prefix_path.ps1'
[4.105s] INFO:colcon.colcon_core.shell:Creating environment descriptor '/home/kim/ros2_ws/install/my_cpp_pkg/share/my_cpp_pkg/hook/cmake_prefix_path.dsv'
[4.108s] INFO:colcon.colcon_core.shell:Creating environment hook '/home/kim/ros2_ws/install/my_cpp_pkg/share/my_cpp_pkg/hook/cmake_prefix_path.sh'
[4.113s] Level 1:colcon.colcon_core.environment:checking '/home/kim/ros2_ws/install/my_cpp_pkg/bin'
[4.113s] Level 1:colcon.colcon_core.environment:checking '/home/kim/ros2_ws/install/my_cpp_pkg/lib/pkgconfig/my_cpp_pkg.pc'
[4.115s] Level 1:colcon.colcon_core.environment:checking '/home/kim/ros2_ws/install/my_cpp_pkg/lib/python3.8/site-packages'
[4.116s] Level 1:colcon.colcon_core.environment:checking '/home/kim/ros2_ws/install/my_cpp_pkg/bin'
[4.118s] INFO:colcon.colcon_core.shell:Creating package script '/home/kim/ros2_ws/install/my_cpp_pkg/share/my_cpp_pkg/package.ps1'
[4.124s] INFO:colcon.colcon_core.shell:Creating package descriptor '/home/kim/ros2_ws/install/my_cpp_pkg/share/my_cpp_pkg/package.dsv'
[4.130s] INFO:colcon.colcon_core.shell:Creating package script '/home/kim/ros2_ws/install/my_cpp_pkg/share/my_cpp_pkg/package.sh'
[4.134s] INFO:colcon.colcon_core.shell:Creating package script '/home/kim/ros2_ws/install/my_cpp_pkg/share/my_cpp_pkg/package.bash'
[4.137s] INFO:colcon.colcon_core.shell:Creating package script '/home/kim/ros2_ws/install/my_cpp_pkg/share/my_cpp_pkg/package.zsh'
[4.140s] Level 1:colcon.colcon_core.environment:create_file_with_runtime_dependencies(/home/kim/ros2_ws/install/my_cpp_pkg/share/colcon-core/packages/my_cpp_pkg)
[5.607s] DEBUG:colcon.colcon_core.event_handler.log_command:Invoking command in '/home/kim/ros2_ws/src/my_py_pkg': PYTHONPATH=/home/kim/ros2_ws/build/my_py_pkg/prefix_override:/usr/lib/python3/dist-packages/colcon_core/task/python/colcon_distutils_commands:/home/kim/ros2_ws/install/my_py_pkg/lib/python3.8/site-packages:${PYTHONPATH} /usr/bin/python3 -W ignore:setup.py install is deprecated setup.py egg_info --egg-base ../../build/my_py_pkg build --build-base /home/kim/ros2_ws/build/my_py_pkg/build install --record /home/kim/ros2_ws/build/my_py_pkg/install.log --install-scripts $base/lib/my_py_pkg --single-version-externally-managed install_data
[7.071s] Level 1:colcon.colcon_core.environment:checking '/home/kim/ros2_ws/install/my_py_pkg' for CMake module files
[7.074s] DEBUG:colcon.colcon_core.event_handler.log_command:Invoked command in '/home/kim/ros2_ws/src/my_py_pkg' returned '0': PYTHONPATH=/home/kim/ros2_ws/build/my_py_pkg/prefix_override:/usr/lib/python3/dist-packages/colcon_core/task/python/colcon_distutils_commands:/home/kim/ros2_ws/install/my_py_pkg/lib/python3.8/site-packages:${PYTHONPATH} /usr/bin/python3 -W ignore:setup.py install is deprecated setup.py egg_info --egg-base ../../build/my_py_pkg build --build-base /home/kim/ros2_ws/build/my_py_pkg/build install --record /home/kim/ros2_ws/build/my_py_pkg/install.log --install-scripts $base/lib/my_py_pkg --single-version-externally-managed install_data
[7.076s] Level 1:colcon.colcon_core.environment:checking '/home/kim/ros2_ws/install/my_py_pkg' for CMake config files
[7.080s] Level 1:colcon.colcon_core.environment:checking '/home/kim/ros2_ws/install/my_py_pkg/lib'
[7.082s] Level 1:colcon.colcon_core.environment:checking '/home/kim/ros2_ws/install/my_py_pkg/bin'
[7.082s] Level 1:colcon.colcon_core.environment:checking '/home/kim/ros2_ws/install/my_py_pkg/lib/pkgconfig/my_py_pkg.pc'
[7.084s] Level 1:colcon.colcon_core.environment:checking '/home/kim/ros2_ws/install/my_py_pkg/lib/python3.8/site-packages'
[7.084s] Level 1:colcon.colcon_core.shell:create_environment_hook('my_py_pkg', 'pythonpath')
[7.086s] INFO:colcon.colcon_core.shell:Creating environment hook '/home/kim/ros2_ws/install/my_py_pkg/share/my_py_pkg/hook/pythonpath.ps1'
[7.089s] INFO:colcon.colcon_core.shell:Creating environment descriptor '/home/kim/ros2_ws/install/my_py_pkg/share/my_py_pkg/hook/pythonpath.dsv'
[7.092s] INFO:colcon.colcon_core.shell:Creating environment hook '/home/kim/ros2_ws/install/my_py_pkg/share/my_py_pkg/hook/pythonpath.sh'
[7.095s] Level 1:colcon.colcon_core.environment:checking '/home/kim/ros2_ws/install/my_py_pkg/bin'
[7.095s] Level 1:colcon.colcon_core.environment:create_environment_scripts_only(my_py_pkg)
[7.097s] INFO:colcon.colcon_core.shell:Creating package script '/home/kim/ros2_ws/install/my_py_pkg/share/my_py_pkg/package.ps1'
[7.100s] INFO:colcon.colcon_core.shell:Creating package descriptor '/home/kim/ros2_ws/install/my_py_pkg/share/my_py_pkg/package.dsv'
[7.102s] INFO:colcon.colcon_core.shell:Creating package script '/home/kim/ros2_ws/install/my_py_pkg/share/my_py_pkg/package.sh'
[7.105s] INFO:colcon.colcon_core.shell:Creating package script '/home/kim/ros2_ws/install/my_py_pkg/share/my_py_pkg/package.bash'
[7.107s] INFO:colcon.colcon_core.shell:Creating package script '/home/kim/ros2_ws/install/my_py_pkg/share/my_py_pkg/package.zsh'
[7.110s] Level 1:colcon.colcon_core.environment:create_file_with_runtime_dependencies(/home/kim/ros2_ws/install/my_py_pkg/share/colcon-core/packages/my_py_pkg)
[7.112s] DEBUG:colcon.colcon_parallel_executor.executor.parallel:closing loop
[7.114s] DEBUG:colcon.colcon_parallel_executor.executor.parallel:loop closed
[7.114s] DEBUG:colcon.colcon_parallel_executor.executor.parallel:run_until_complete finished with '0'
[7.115s] DEBUG:colcon.colcon_core.event_reactor:joining thread
[7.149s] INFO:colcon.colcon_core.plugin_system:Skipping extension 'colcon_notification.desktop_notification.terminal_notifier': Not used on non-Darwin systems
[7.149s] INFO:colcon.colcon_core.plugin_system:Skipping extension 'colcon_notification.desktop_notification.win32': Not used on non-Windows systems
[7.150s] INFO:colcon.colcon_notification.desktop_notification:Sending desktop notification using 'notify2'
[7.235s] DEBUG:colcon.colcon_core.event_reactor:joined thread
[7.237s] INFO:colcon.colcon_core.shell:Creating prefix script '/home/kim/ros2_ws/install/local_setup.ps1'
[7.242s] INFO:colcon.colcon_core.shell:Creating prefix util module '/home/kim/ros2_ws/install/_local_setup_util_ps1.py'
[7.249s] INFO:colcon.colcon_core.shell:Creating prefix chain script '/home/kim/ros2_ws/install/setup.ps1'
[7.254s] INFO:colcon.colcon_core.shell:Creating prefix script '/home/kim/ros2_ws/install/local_setup.sh'
[7.256s] INFO:colcon.colcon_core.shell:Creating prefix util module '/home/kim/ros2_ws/install/_local_setup_util_sh.py'
[7.259s] INFO:colcon.colcon_core.shell:Creating prefix chain script '/home/kim/ros2_ws/install/setup.sh'
[7.264s] INFO:colcon.colcon_core.shell:Creating prefix script '/home/kim/ros2_ws/install/local_setup.bash'
[7.267s] INFO:colcon.colcon_core.shell:Creating prefix chain script '/home/kim/ros2_ws/install/setup.bash'
[7.271s] INFO:colcon.colcon_core.shell:Creating prefix script '/home/kim/ros2_ws/install/local_setup.zsh'
[7.274s] INFO:colcon.colcon_core.shell:Creating prefix chain script '/home/kim/ros2_ws/install/setup.zsh'
