[0.133s] Invoking command in '/home/kim/ros2_ws/build/my_cpp_pkg': CMAKE_PREFIX_PATH=${CMAKE_PREFIX_PATH}:/home/kim/ros2_ws/install/my_py_pkg:/opt/ros/foxy /usr/bin/cmake --build /home/kim/ros2_ws/build/my_cpp_pkg -- -j6 -l6
[0.300s] -- Found ament_cmake: 0.9.12 (/opt/ros/foxy/share/ament_cmake/cmake)
[0.419s] -- Using PYTHON_EXECUTABLE: /usr/bin/python3
[1.468s] -- Found rclcpp: 2.4.3 (/opt/ros/foxy/share/rclcpp/cmake)
[1.679s] -- Using all available rosidl_typesupport_c: rosidl_typesupport_fastrtps_c;rosidl_typesupport_introspection_c
[1.704s] -- Found rosidl_adapter: 1.3.1 (/opt/ros/foxy/share/rosidl_adapter/cmake)
[2.363s] -- Using all available rosidl_typesupport_cpp: rosidl_typesupport_fastrtps_cpp;rosidl_typesupport_introspection_cpp
[2.639s] -- Found rmw_implementation_cmake: 1.0.4 (/opt/ros/foxy/share/rmw_implementation_cmake/cmake)
[2.647s] -- Using RMW implementation 'rmw_fastrtps_cpp' as default
[3.350s] -- Found ament_lint_auto: 0.9.8 (/opt/ros/foxy/share/ament_lint_auto/cmake)
[3.695s] -- Added test 'copyright' to check source files copyright and LICENSE
[3.707s] -- Added test 'lint_cmake' to check CMake code style
[3.713s] -- Added test 'xmllint' to check XML markup files
[3.734s] -- Configuring done
[3.752s] -- Generating done
[3.761s] -- Build files have been written to: /home/kim/ros2_ws/build/my_cpp_pkg
[3.916s] Invoked command in '/home/kim/ros2_ws/build/my_cpp_pkg' returned '0': CMAKE_PREFIX_PATH=${CMAKE_PREFIX_PATH}:/home/kim/ros2_ws/install/my_py_pkg:/opt/ros/foxy /usr/bin/cmake --build /home/kim/ros2_ws/build/my_cpp_pkg -- -j6 -l6
[4.122s] Invoking command in '/home/kim/ros2_ws/build/my_cpp_pkg': CMAKE_PREFIX_PATH=${CMAKE_PREFIX_PATH}:/home/kim/ros2_ws/install/my_py_pkg:/opt/ros/foxy /usr/bin/cmake --install /home/kim/ros2_ws/build/my_cpp_pkg
[4.173s] -- Install configuration: ""
[4.176s] -- Up-to-date: /home/kim/ros2_ws/install/my_cpp_pkg/share/ament_index/resource_index/package_run_dependencies/my_cpp_pkg
[4.179s] -- Installing: /home/kim/ros2_ws/install/my_cpp_pkg/share/ament_index/resource_index/parent_prefix_path/my_cpp_pkg
[4.181s] -- Up-to-date: /home/kim/ros2_ws/install/my_cpp_pkg/share/my_cpp_pkg/environment/ament_prefix_path.sh
[4.184s] -- Installing: /home/kim/ros2_ws/install/my_cpp_pkg/share/my_cpp_pkg/environment/ament_prefix_path.dsv
[4.187s] -- Up-to-date: /home/kim/ros2_ws/install/my_cpp_pkg/share/my_cpp_pkg/environment/path.sh
[4.188s] -- Installing: /home/kim/ros2_ws/install/my_cpp_pkg/share/my_cpp_pkg/environment/path.dsv
[4.192s] -- Up-to-date: /home/kim/ros2_ws/install/my_cpp_pkg/share/my_cpp_pkg/local_setup.bash
[4.195s] -- Up-to-date: /home/kim/ros2_ws/install/my_cpp_pkg/share/my_cpp_pkg/local_setup.sh
[4.198s] -- Up-to-date: /home/kim/ros2_ws/install/my_cpp_pkg/share/my_cpp_pkg/local_setup.zsh
[4.199s] -- Installing: /home/kim/ros2_ws/install/my_cpp_pkg/share/my_cpp_pkg/local_setup.dsv
[4.201s] -- Installing: /home/kim/ros2_ws/install/my_cpp_pkg/share/my_cpp_pkg/package.dsv
[4.201s] -- Up-to-date: /home/kim/ros2_ws/install/my_cpp_pkg/share/ament_index/resource_index/packages/my_cpp_pkg
[4.203s] -- Up-to-date: /home/kim/ros2_ws/install/my_cpp_pkg/share/my_cpp_pkg/cmake/my_cpp_pkgConfig.cmake
[4.204s] -- Up-to-date: /home/kim/ros2_ws/install/my_cpp_pkg/share/my_cpp_pkg/cmake/my_cpp_pkgConfig-version.cmake
[4.205s] -- Up-to-date: /home/kim/ros2_ws/install/my_cpp_pkg/share/my_cpp_pkg/package.xml
[4.207s] Invoked command in '/home/kim/ros2_ws/build/my_cpp_pkg' returned '0': CMAKE_PREFIX_PATH=${CMAKE_PREFIX_PATH}:/home/kim/ros2_ws/install/my_py_pkg:/opt/ros/foxy /usr/bin/cmake --install /home/kim/ros2_ws/build/my_cpp_pkg
