[3.205s] Invoking command in '/home/kim/ros2_ws/src/my_py_pkg': PYTHONPATH=/home/kim/ros2_ws/build/my_py_pkg/prefix_override:/usr/lib/python3/dist-packages/colcon_core/task/python/colcon_distutils_commands:/home/kim/ros2_ws/install/my_py_pkg/lib/python3.8/site-packages:${PYTHONPATH} /usr/bin/python3 -W ignore:setup.py install is deprecated setup.py egg_info --egg-base ../../build/my_py_pkg build --build-base /home/kim/ros2_ws/build/my_py_pkg/build install --record /home/kim/ros2_ws/build/my_py_pkg/install.log --install-scripts $base/lib/my_py_pkg --single-version-externally-managed install_data
[4.299s] running egg_info
[4.302s] writing ../../build/my_py_pkg/my_py_pkg.egg-info/PKG-INFO
[4.303s] writing dependency_links to ../../build/my_py_pkg/my_py_pkg.egg-info/dependency_links.txt
[4.305s] writing entry points to ../../build/my_py_pkg/my_py_pkg.egg-info/entry_points.txt
[4.305s] writing requirements to ../../build/my_py_pkg/my_py_pkg.egg-info/requires.txt
[4.306s] writing top-level names to ../../build/my_py_pkg/my_py_pkg.egg-info/top_level.txt
[4.488s] reading manifest file '../../build/my_py_pkg/my_py_pkg.egg-info/SOURCES.txt'
[4.492s] writing manifest file '../../build/my_py_pkg/my_py_pkg.egg-info/SOURCES.txt'
[4.493s] running build
[4.493s] running build_py
[4.494s] copying my_py_pkg/my_first_node.py -> /home/kim/ros2_ws/build/my_py_pkg/build/lib/my_py_pkg
[4.494s] copying my_py_pkg/__init__.py -> /home/kim/ros2_ws/build/my_py_pkg/build/lib/my_py_pkg
[4.496s] running install
[4.499s] running install_lib
[4.504s] copying /home/kim/ros2_ws/build/my_py_pkg/build/lib/my_py_pkg/my_first_node.py -> /home/kim/ros2_ws/install/my_py_pkg/lib/python3.8/site-packages/my_py_pkg
[4.505s] copying /home/kim/ros2_ws/build/my_py_pkg/build/lib/my_py_pkg/__init__.py -> /home/kim/ros2_ws/install/my_py_pkg/lib/python3.8/site-packages/my_py_pkg
[4.507s] byte-compiling /home/kim/ros2_ws/install/my_py_pkg/lib/python3.8/site-packages/my_py_pkg/my_first_node.py to my_first_node.cpython-38.pyc
[4.513s] byte-compiling /home/kim/ros2_ws/install/my_py_pkg/lib/python3.8/site-packages/my_py_pkg/__init__.py to __init__.cpython-38.pyc
[4.514s] running install_data
[4.515s] running install_egg_info
[4.523s] removing '/home/kim/ros2_ws/install/my_py_pkg/lib/python3.8/site-packages/my_py_pkg-0.0.0-py3.8.egg-info' (and everything under it)
[4.525s] Copying ../../build/my_py_pkg/my_py_pkg.egg-info to /home/kim/ros2_ws/install/my_py_pkg/lib/python3.8/site-packages/my_py_pkg-0.0.0-py3.8.egg-info
[4.532s] running install_scripts
[4.609s] Installing py_node script to /home/kim/ros2_ws/install/my_py_pkg/lib/my_py_pkg
[4.610s] writing list of installed files to '/home/kim/ros2_ws/build/my_py_pkg/install.log'
[4.706s] Invoked command in '/home/kim/ros2_ws/src/my_py_pkg' returned '0': PYTHONPATH=/home/kim/ros2_ws/build/my_py_pkg/prefix_override:/usr/lib/python3/dist-packages/colcon_core/task/python/colcon_distutils_commands:/home/kim/ros2_ws/install/my_py_pkg/lib/python3.8/site-packages:${PYTHONPATH} /usr/bin/python3 -W ignore:setup.py install is deprecated setup.py egg_info --egg-base ../../build/my_py_pkg build --build-base /home/kim/ros2_ws/build/my_py_pkg/build install --record /home/kim/ros2_ws/build/my_py_pkg/install.log --install-scripts $base/lib/my_py_pkg --single-version-externally-managed install_data
