[0.106s] Invoking command in '/home/kim/ros2_ws/build/my_cpp_pkg': CMAKE_PREFIX_PATH=/opt/ros/foxy:/home/kim/ros2_ws/install/my_py_pkg /usr/bin/cmake /home/kim/ros2_ws/src/my_cpp_pkg -DCMAKE_INSTALL_PREFIX=/home/kim/ros2_ws/install/my_cpp_pkg
[1.386s] -- The C compiler identification is GNU 9.4.0
[1.388s] -- The CXX compiler identification is GNU 9.4.0
[1.393s] -- Check for working C compiler: /usr/bin/cc
[1.625s] -- Check for working C compiler: /usr/bin/cc -- works
[1.633s] -- Detecting C compiler ABI info
[2.088s] -- Detecting C compiler ABI info - done
[2.175s] -- Detecting C compile features
[2.177s] -- Detecting C compile features - done
[2.196s] -- Check for working CXX compiler: /usr/bin/c++
[2.724s] -- Check for working CXX compiler: /usr/bin/c++ -- works
[2.732s] -- Detecting CXX compiler ABI info
[3.245s] -- Detecting CXX compiler ABI info - done
[3.327s] -- Detecting CXX compile features
[3.330s] -- Detecting CXX compile features - done
[3.353s] -- Found ament_cmake: 0.9.12 (/opt/ros/foxy/share/ament_cmake/cmake)
[3.496s] -- Found PythonInterp: /usr/bin/python3 (found suitable version "3.8.10", minimum required is "3") 
[3.496s] -- Using PYTHON_EXECUTABLE: /usr/bin/python3
[4.587s] -- Found rclcpp: 2.4.3 (/opt/ros/foxy/share/rclcpp/cmake)
[4.876s] -- Using all available rosidl_typesupport_c: rosidl_typesupport_fastrtps_c;rosidl_typesupport_introspection_c
[4.920s] -- Found rosidl_adapter: 1.3.1 (/opt/ros/foxy/share/rosidl_adapter/cmake)
[5.435s] -- Found OpenSSL: /usr/lib/aarch64-linux-gnu/libcrypto.so (found version "1.1.1f")  
[5.580s] -- Found FastRTPS: /opt/ros/foxy/include  
[5.999s] -- Using all available rosidl_typesupport_cpp: rosidl_typesupport_fastrtps_cpp;rosidl_typesupport_introspection_cpp
[6.320s] -- Found rmw_implementation_cmake: 1.0.4 (/opt/ros/foxy/share/rmw_implementation_cmake/cmake)
[6.329s] -- Using RMW implementation 'rmw_fastrtps_cpp' as default
[6.335s] -- Looking for pthread.h
[6.819s] -- Looking for pthread.h - found
[6.820s] -- Performing Test CMAKE_HAVE_LIBC_PTHREAD
[7.289s] -- Performing Test CMAKE_HAVE_LIBC_PTHREAD - Failed
[7.291s] -- Looking for pthread_create in pthreads
[7.675s] -- Looking for pthread_create in pthreads - not found
[7.676s] -- Looking for pthread_create in pthread
[8.115s] -- Looking for pthread_create in pthread - found
[8.122s] -- Found Threads: TRUE  
[8.923s] -- Found ament_lint_auto: 0.9.8 (/opt/ros/foxy/share/ament_lint_auto/cmake)
[9.296s] -- Added test 'copyright' to check source files copyright and LICENSE
[9.309s] -- Added test 'lint_cmake' to check CMake code style
[9.318s] -- Added test 'xmllint' to check XML markup files
[9.344s] -- Configuring done
[9.359s] -- Generating done
[9.367s] -- Build files have been written to: /home/kim/ros2_ws/build/my_cpp_pkg
[9.405s] Invoked command in '/home/kim/ros2_ws/build/my_cpp_pkg' returned '0': CMAKE_PREFIX_PATH=/opt/ros/foxy:/home/kim/ros2_ws/install/my_py_pkg /usr/bin/cmake /home/kim/ros2_ws/src/my_cpp_pkg -DCMAKE_INSTALL_PREFIX=/home/kim/ros2_ws/install/my_cpp_pkg
[9.418s] Invoking command in '/home/kim/ros2_ws/build/my_cpp_pkg': CMAKE_PREFIX_PATH=/opt/ros/foxy:/home/kim/ros2_ws/install/my_py_pkg /usr/bin/cmake --build /home/kim/ros2_ws/build/my_cpp_pkg -- -j6 -l6
[9.667s] Invoked command in '/home/kim/ros2_ws/build/my_cpp_pkg' returned '0': CMAKE_PREFIX_PATH=/opt/ros/foxy:/home/kim/ros2_ws/install/my_py_pkg /usr/bin/cmake --build /home/kim/ros2_ws/build/my_cpp_pkg -- -j6 -l6
[9.867s] Invoking command in '/home/kim/ros2_ws/build/my_cpp_pkg': CMAKE_PREFIX_PATH=/opt/ros/foxy:/home/kim/ros2_ws/install/my_py_pkg /usr/bin/cmake --install /home/kim/ros2_ws/build/my_cpp_pkg
[9.914s] -- Install configuration: ""
[9.915s] -- Installing: /home/kim/ros2_ws/install/my_cpp_pkg/share/ament_index/resource_index/package_run_dependencies/my_cpp_pkg
[9.917s] -- Installing: /home/kim/ros2_ws/install/my_cpp_pkg/share/ament_index/resource_index/parent_prefix_path/my_cpp_pkg
[9.919s] -- Installing: /home/kim/ros2_ws/install/my_cpp_pkg/share/my_cpp_pkg/environment/ament_prefix_path.sh
[9.920s] -- Installing: /home/kim/ros2_ws/install/my_cpp_pkg/share/my_cpp_pkg/environment/ament_prefix_path.dsv
[9.921s] -- Installing: /home/kim/ros2_ws/install/my_cpp_pkg/share/my_cpp_pkg/environment/path.sh
[9.922s] -- Installing: /home/kim/ros2_ws/install/my_cpp_pkg/share/my_cpp_pkg/environment/path.dsv
[9.923s] -- Installing: /home/kim/ros2_ws/install/my_cpp_pkg/share/my_cpp_pkg/local_setup.bash
[9.925s] -- Installing: /home/kim/ros2_ws/install/my_cpp_pkg/share/my_cpp_pkg/local_setup.sh
[9.926s] -- Installing: /home/kim/ros2_ws/install/my_cpp_pkg/share/my_cpp_pkg/local_setup.zsh
[9.927s] -- Installing: /home/kim/ros2_ws/install/my_cpp_pkg/share/my_cpp_pkg/local_setup.dsv
[9.928s] -- Installing: /home/kim/ros2_ws/install/my_cpp_pkg/share/my_cpp_pkg/package.dsv
[9.930s] -- Installing: /home/kim/ros2_ws/install/my_cpp_pkg/share/ament_index/resource_index/packages/my_cpp_pkg
[9.931s] -- Installing: /home/kim/ros2_ws/install/my_cpp_pkg/share/my_cpp_pkg/cmake/my_cpp_pkgConfig.cmake
[9.932s] -- Installing: /home/kim/ros2_ws/install/my_cpp_pkg/share/my_cpp_pkg/cmake/my_cpp_pkgConfig-version.cmake
[9.933s] -- Installing: /home/kim/ros2_ws/install/my_cpp_pkg/share/my_cpp_pkg/package.xml
[9.947s] Invoked command in '/home/kim/ros2_ws/build/my_cpp_pkg' returned '0': CMAKE_PREFIX_PATH=/opt/ros/foxy:/home/kim/ros2_ws/install/my_py_pkg /usr/bin/cmake --install /home/kim/ros2_ws/build/my_cpp_pkg
