[0.074s] Invoking command in '/home/kim/ros2_ws/build/my_cpp_pkg': CMAKE_PREFIX_PATH=/opt/ros/foxy:/home/kim/ros2_ws/install/my_py_pkg /usr/bin/cmake --build /home/kim/ros2_ws/build/my_cpp_pkg -- -j6 -l6
[0.326s] Invoked command in '/home/kim/ros2_ws/build/my_cpp_pkg' returned '0': CMAKE_PREFIX_PATH=/opt/ros/foxy:/home/kim/ros2_ws/install/my_py_pkg /usr/bin/cmake --build /home/kim/ros2_ws/build/my_cpp_pkg -- -j6 -l6
[0.523s] Invoking command in '/home/kim/ros2_ws/build/my_cpp_pkg': CMAKE_PREFIX_PATH=/opt/ros/foxy:/home/kim/ros2_ws/install/my_py_pkg /usr/bin/cmake --install /home/kim/ros2_ws/build/my_cpp_pkg
[0.570s] -- Install configuration: ""
[0.572s] -- Up-to-date: /home/kim/ros2_ws/install/my_cpp_pkg/share/ament_index/resource_index/package_run_dependencies/my_cpp_pkg
[0.573s] -- Up-to-date: /home/kim/ros2_ws/install/my_cpp_pkg/share/ament_index/resource_index/parent_prefix_path/my_cpp_pkg
[0.573s] -- Up-to-date: /home/kim/ros2_ws/install/my_cpp_pkg/share/my_cpp_pkg/environment/ament_prefix_path.sh
[0.574s] -- Up-to-date: /home/kim/ros2_ws/install/my_cpp_pkg/share/my_cpp_pkg/environment/ament_prefix_path.dsv
[0.575s] -- Up-to-date: /home/kim/ros2_ws/install/my_cpp_pkg/share/my_cpp_pkg/environment/path.sh
[0.576s] -- Up-to-date: /home/kim/ros2_ws/install/my_cpp_pkg/share/my_cpp_pkg/environment/path.dsv
[0.576s] -- Up-to-date: /home/kim/ros2_ws/install/my_cpp_pkg/share/my_cpp_pkg/local_setup.bash
[0.577s] -- Up-to-date: /home/kim/ros2_ws/install/my_cpp_pkg/share/my_cpp_pkg/local_setup.sh
[0.577s] -- Up-to-date: /home/kim/ros2_ws/install/my_cpp_pkg/share/my_cpp_pkg/local_setup.zsh
[0.578s] -- Up-to-date: /home/kim/ros2_ws/install/my_cpp_pkg/share/my_cpp_pkg/local_setup.dsv
[0.578s] -- Up-to-date: /home/kim/ros2_ws/install/my_cpp_pkg/share/my_cpp_pkg/package.dsv
[0.578s] -- Up-to-date: /home/kim/ros2_ws/install/my_cpp_pkg/share/ament_index/resource_index/packages/my_cpp_pkg
[0.579s] -- Up-to-date: /home/kim/ros2_ws/install/my_cpp_pkg/share/my_cpp_pkg/cmake/my_cpp_pkgConfig.cmake
[0.579s] -- Up-to-date: /home/kim/ros2_ws/install/my_cpp_pkg/share/my_cpp_pkg/cmake/my_cpp_pkgConfig-version.cmake
[0.579s] -- Up-to-date: /home/kim/ros2_ws/install/my_cpp_pkg/share/my_cpp_pkg/package.xml
[0.589s] Invoked command in '/home/kim/ros2_ws/build/my_cpp_pkg' returned '0': CMAKE_PREFIX_PATH=/opt/ros/foxy:/home/kim/ros2_ws/install/my_py_pkg /usr/bin/cmake --install /home/kim/ros2_ws/build/my_cpp_pkg
