[3.341s] Invoking command in '/home/kim/ros2_ws/src/my_py_pkg': PYTHONPATH=/home/kim/ros2_ws/build/my_py_pkg/prefix_override:/usr/lib/python3/dist-packages/colcon_core/task/python/colcon_distutils_commands:/home/kim/ros2_ws/install/my_py_pkg/lib/python3.8/site-packages:${PYTHONPATH} /usr/bin/python3 -W ignore:setup.py install is deprecated setup.py egg_info --egg-base ../../build/my_py_pkg build --build-base /home/kim/ros2_ws/build/my_py_pkg/build install --record /home/kim/ros2_ws/build/my_py_pkg/install.log --install-scripts $base/lib/my_py_pkg --single-version-externally-managed install_data
[4.454s] running egg_info
[4.456s] creating ../../build/my_py_pkg/my_py_pkg.egg-info
[4.457s] writing ../../build/my_py_pkg/my_py_pkg.egg-info/PKG-INFO
[4.458s] writing dependency_links to ../../build/my_py_pkg/my_py_pkg.egg-info/dependency_links.txt
[4.459s] writing entry points to ../../build/my_py_pkg/my_py_pkg.egg-info/entry_points.txt
[4.460s] writing requirements to ../../build/my_py_pkg/my_py_pkg.egg-info/requires.txt
[4.460s] writing top-level names to ../../build/my_py_pkg/my_py_pkg.egg-info/top_level.txt
[4.483s] writing manifest file '../../build/my_py_pkg/my_py_pkg.egg-info/SOURCES.txt'
[4.647s] reading manifest file '../../build/my_py_pkg/my_py_pkg.egg-info/SOURCES.txt'
[4.650s] writing manifest file '../../build/my_py_pkg/my_py_pkg.egg-info/SOURCES.txt'
[4.651s] running build
[4.652s] running build_py
[4.652s] creating /home/kim/ros2_ws/build/my_py_pkg/build
[4.653s] creating /home/kim/ros2_ws/build/my_py_pkg/build/lib
[4.655s] creating /home/kim/ros2_ws/build/my_py_pkg/build/lib/my_py_pkg
[4.655s] copying my_py_pkg/__init__.py -> /home/kim/ros2_ws/build/my_py_pkg/build/lib/my_py_pkg
[4.656s] running install
[4.660s] running install_lib
[4.665s] creating /home/kim/ros2_ws/install/my_py_pkg/lib/python3.8/site-packages/my_py_pkg
[4.666s] copying /home/kim/ros2_ws/build/my_py_pkg/build/lib/my_py_pkg/__init__.py -> /home/kim/ros2_ws/install/my_py_pkg/lib/python3.8/site-packages/my_py_pkg
[4.668s] byte-compiling /home/kim/ros2_ws/install/my_py_pkg/lib/python3.8/site-packages/my_py_pkg/__init__.py to __init__.cpython-38.pyc
[4.674s] running install_data
[4.675s] creating /home/kim/ros2_ws/install/my_py_pkg/share/ament_index
[4.676s] creating /home/kim/ros2_ws/install/my_py_pkg/share/ament_index/resource_index
[4.677s] creating /home/kim/ros2_ws/install/my_py_pkg/share/ament_index/resource_index/packages
[4.677s] copying resource/my_py_pkg -> /home/kim/ros2_ws/install/my_py_pkg/share/ament_index/resource_index/packages
[4.678s] copying package.xml -> /home/kim/ros2_ws/install/my_py_pkg/share/my_py_pkg
[4.678s] running install_egg_info
[4.685s] Copying ../../build/my_py_pkg/my_py_pkg.egg-info to /home/kim/ros2_ws/install/my_py_pkg/lib/python3.8/site-packages/my_py_pkg-0.0.0-py3.8.egg-info
[4.691s] running install_scripts
[4.771s] writing list of installed files to '/home/kim/ros2_ws/build/my_py_pkg/install.log'
[4.867s] Invoked command in '/home/kim/ros2_ws/src/my_py_pkg' returned '0': PYTHONPATH=/home/kim/ros2_ws/build/my_py_pkg/prefix_override:/usr/lib/python3/dist-packages/colcon_core/task/python/colcon_distutils_commands:/home/kim/ros2_ws/install/my_py_pkg/lib/python3.8/site-packages:${PYTHONPATH} /usr/bin/python3 -W ignore:setup.py install is deprecated setup.py egg_info --egg-base ../../build/my_py_pkg build --build-base /home/kim/ros2_ws/build/my_py_pkg/build install --record /home/kim/ros2_ws/build/my_py_pkg/install.log --install-scripts $base/lib/my_py_pkg --single-version-externally-managed install_data
