[0.984s] DEBUG:colcon:Command line arguments: ['/usr/bin/colcon', 'build']
[0.984s] DEBUG:colcon:Parsed command line arguments: Namespace(allow_overriding=[], ament_cmake_args=None, base_paths=['.'], build_base='build', catkin_cmake_args=None, catkin_skip_building_tests=False, cmake_args=None, cmake_clean_cache=False, cmake_clean_first=False, cmake_force_configure=False, cmake_target=None, cmake_target_skip_unavailable=False, continue_on_error=False, event_handlers=None, executor='parallel', ignore_user_meta=False, install_base='install', log_base=None, log_level=None, main=<bound method BuildVerb.main of <colcon_core.verb.build.BuildVerb object at 0xffff8f8542e0>>, merge_install=False, metas=['./colcon.meta'], mixin=None, mixin_files=None, mixin_verb=('build',), packages_above=None, packages_above_and_dependencies=None, packages_above_depth=None, packages_end=None, packages_ignore=None, packages_ignore_regex=None, packages_select=None, packages_select_build_failed=False, packages_select_by_dep=None, packages_select_regex=None, packages_select_test_failures=False, packages_skip=None, packages_skip_build_finished=False, packages_skip_by_dep=None, packages_skip_regex=None, packages_skip_test_passed=False, packages_skip_up_to=None, packages_start=None, packages_up_to=None, packages_up_to_regex=None, parallel_workers=6, paths=None, symlink_install=False, test_result_base=None, verb_extension=<colcon_core.verb.build.BuildVerb object at 0xffff8f8542e0>, verb_name='build', verb_parser=<colcon_mixin.mixin.mixin_argument.MixinArgumentDecorator object at 0xffff8f7841f0>)
[1.806s] Level 1:colcon.colcon_core.package_discovery:discover_packages(colcon_meta) check parameters
[1.807s] Level 1:colcon.colcon_core.package_discovery:discover_packages(recursive) check parameters
[1.807s] Level 1:colcon.colcon_core.package_discovery:discover_packages(ignore) check parameters
[1.807s] Level 1:colcon.colcon_core.package_discovery:discover_packages(path) check parameters
[1.807s] Level 1:colcon.colcon_core.package_discovery:discover_packages(colcon_meta) discover
[1.807s] Level 1:colcon.colcon_core.package_discovery:discover_packages(recursive) discover
[1.808s] INFO:colcon.colcon_core.package_discovery:Crawling recursively for packages in '/home/kim/ros2_ws/src'
[1.809s] Level 1:colcon.colcon_core.package_identification:_identify(.) by extensions ['ignore', 'ignore_ament_install']
[1.809s] Level 1:colcon.colcon_core.package_identification:_identify(.) by extension 'ignore'
[1.809s] Level 1:colcon.colcon_core.package_identification:_identify(.) by extension 'ignore_ament_install'
[1.810s] Level 1:colcon.colcon_core.package_identification:_identify(.) by extensions ['colcon_pkg']
[1.810s] Level 1:colcon.colcon_core.package_identification:_identify(.) by extension 'colcon_pkg'
[1.810s] Level 1:colcon.colcon_core.package_identification:_identify(.) by extensions ['colcon_meta']
[1.810s] Level 1:colcon.colcon_core.package_identification:_identify(.) by extension 'colcon_meta'
[1.811s] Level 1:colcon.colcon_core.package_identification:_identify(.) by extensions ['ros']
[1.811s] Level 1:colcon.colcon_core.package_identification:_identify(.) by extension 'ros'
[1.867s] Level 1:colcon.colcon_core.package_identification:_identify(.) by extensions ['cmake', 'python']
[1.868s] Level 1:colcon.colcon_core.package_identification:_identify(.) by extension 'cmake'
[1.868s] Level 1:colcon.colcon_core.package_identification:_identify(.) by extension 'python'
[1.868s] Level 1:colcon.colcon_core.package_identification:_identify(.) by extensions ['python_setup_py']
[1.868s] Level 1:colcon.colcon_core.package_identification:_identify(.) by extension 'python_setup_py'
[1.869s] Level 1:colcon.colcon_core.package_identification:_identify(build) by extensions ['ignore', 'ignore_ament_install']
[1.870s] Level 1:colcon.colcon_core.package_identification:_identify(build) by extension 'ignore'
[1.870s] Level 1:colcon.colcon_core.package_identification:_identify(build) ignored
[1.870s] Level 1:colcon.colcon_core.package_identification:_identify(install) by extensions ['ignore', 'ignore_ament_install']
[1.871s] Level 1:colcon.colcon_core.package_identification:_identify(install) by extension 'ignore'
[1.871s] Level 1:colcon.colcon_core.package_identification:_identify(install) ignored
[1.872s] Level 1:colcon.colcon_core.package_identification:_identify(log) by extensions ['ignore', 'ignore_ament_install']
[1.872s] Level 1:colcon.colcon_core.package_identification:_identify(log) by extension 'ignore'
[1.872s] Level 1:colcon.colcon_core.package_identification:_identify(log) ignored
[1.873s] Level 1:colcon.colcon_core.package_identification:_identify(my_cpp_pkg) by extensions ['ignore', 'ignore_ament_install']
[1.873s] Level 1:colcon.colcon_core.package_identification:_identify(my_cpp_pkg) by extension 'ignore'
[1.874s] Level 1:colcon.colcon_core.package_identification:_identify(my_cpp_pkg) by extension 'ignore_ament_install'
[1.874s] Level 1:colcon.colcon_core.package_identification:_identify(my_cpp_pkg) by extensions ['colcon_pkg']
[1.874s] Level 1:colcon.colcon_core.package_identification:_identify(my_cpp_pkg) by extension 'colcon_pkg'
[1.874s] Level 1:colcon.colcon_core.package_identification:_identify(my_cpp_pkg) by extensions ['colcon_meta']
[1.874s] Level 1:colcon.colcon_core.package_identification:_identify(my_cpp_pkg) by extension 'colcon_meta'
[1.875s] Level 1:colcon.colcon_core.package_identification:_identify(my_cpp_pkg) by extensions ['ros']
[1.875s] Level 1:colcon.colcon_core.package_identification:_identify(my_cpp_pkg) by extension 'ros'
[1.887s] DEBUG:colcon.colcon_core.package_identification:Package 'my_cpp_pkg' with type 'ros.ament_cmake' and name 'my_cpp_pkg'
[1.888s] Level 1:colcon.colcon_core.package_identification:_identify(my_py_pkg) by extensions ['ignore', 'ignore_ament_install']
[1.888s] Level 1:colcon.colcon_core.package_identification:_identify(my_py_pkg) by extension 'ignore'
[1.888s] Level 1:colcon.colcon_core.package_identification:_identify(my_py_pkg) by extension 'ignore_ament_install'
[1.889s] Level 1:colcon.colcon_core.package_identification:_identify(my_py_pkg) by extensions ['colcon_pkg']
[1.889s] Level 1:colcon.colcon_core.package_identification:_identify(my_py_pkg) by extension 'colcon_pkg'
[1.889s] Level 1:colcon.colcon_core.package_identification:_identify(my_py_pkg) by extensions ['colcon_meta']
[1.889s] Level 1:colcon.colcon_core.package_identification:_identify(my_py_pkg) by extension 'colcon_meta'
[1.890s] Level 1:colcon.colcon_core.package_identification:_identify(my_py_pkg) by extensions ['ros']
[1.890s] Level 1:colcon.colcon_core.package_identification:_identify(my_py_pkg) by extension 'ros'
[1.893s] DEBUG:colcon.colcon_core.package_identification:Package 'my_py_pkg' with type 'ros.ament_python' and name 'my_py_pkg'
[1.893s] Level 1:colcon.colcon_core.package_discovery:discover_packages(recursive) using defaults
[1.893s] Level 1:colcon.colcon_core.package_discovery:discover_packages(ignore) discover
[1.893s] Level 1:colcon.colcon_core.package_discovery:discover_packages(ignore) using defaults
[1.894s] Level 1:colcon.colcon_core.package_discovery:discover_packages(path) discover
[1.894s] Level 1:colcon.colcon_core.package_discovery:discover_packages(path) using defaults
[1.967s] Level 1:colcon.colcon_core.package_discovery:discover_packages(prefix_path) check parameters
[1.968s] Level 1:colcon.colcon_core.package_discovery:discover_packages(prefix_path) discover
[1.977s] DEBUG:colcon.colcon_installed_package_information.package_discovery:Found 2 installed packages in /home/kim/ros2_ws/install
[1.985s] DEBUG:colcon.colcon_installed_package_information.package_discovery:Found 256 installed packages in /opt/ros/foxy
[2.032s] Level 1:colcon.colcon_core.package_discovery:discover_packages(prefix_path) using defaults
[2.342s] Level 5:colcon.colcon_core.verb:set package 'my_cpp_pkg' build argument 'cmake_args' from command line to 'None'
[2.343s] Level 5:colcon.colcon_core.verb:set package 'my_cpp_pkg' build argument 'cmake_target' from command line to 'None'
[2.343s] Level 5:colcon.colcon_core.verb:set package 'my_cpp_pkg' build argument 'cmake_target_skip_unavailable' from command line to 'False'
[2.343s] Level 5:colcon.colcon_core.verb:set package 'my_cpp_pkg' build argument 'cmake_clean_cache' from command line to 'False'
[2.343s] Level 5:colcon.colcon_core.verb:set package 'my_cpp_pkg' build argument 'cmake_clean_first' from command line to 'False'
[2.343s] Level 5:colcon.colcon_core.verb:set package 'my_cpp_pkg' build argument 'cmake_force_configure' from command line to 'False'
[2.344s] Level 5:colcon.colcon_core.verb:set package 'my_cpp_pkg' build argument 'ament_cmake_args' from command line to 'None'
[2.344s] Level 5:colcon.colcon_core.verb:set package 'my_cpp_pkg' build argument 'catkin_cmake_args' from command line to 'None'
[2.344s] Level 5:colcon.colcon_core.verb:set package 'my_cpp_pkg' build argument 'catkin_skip_building_tests' from command line to 'False'
[2.344s] DEBUG:colcon.colcon_core.verb:Building package 'my_cpp_pkg' with the following arguments: {'ament_cmake_args': None, 'build_base': '/home/kim/ros2_ws/src/build/my_cpp_pkg', 'catkin_cmake_args': None, 'catkin_skip_building_tests': False, 'cmake_args': None, 'cmake_clean_cache': False, 'cmake_clean_first': False, 'cmake_force_configure': False, 'cmake_target': None, 'cmake_target_skip_unavailable': False, 'install_base': '/home/kim/ros2_ws/src/install/my_cpp_pkg', 'merge_install': False, 'path': '/home/kim/ros2_ws/src/my_cpp_pkg', 'symlink_install': False, 'test_result_base': None}
[2.347s] Level 5:colcon.colcon_core.verb:set package 'my_py_pkg' build argument 'cmake_args' from command line to 'None'
[2.347s] Level 5:colcon.colcon_core.verb:set package 'my_py_pkg' build argument 'cmake_target' from command line to 'None'
[2.347s] Level 5:colcon.colcon_core.verb:set package 'my_py_pkg' build argument 'cmake_target_skip_unavailable' from command line to 'False'
[2.347s] Level 5:colcon.colcon_core.verb:set package 'my_py_pkg' build argument 'cmake_clean_cache' from command line to 'False'
[2.348s] Level 5:colcon.colcon_core.verb:set package 'my_py_pkg' build argument 'cmake_clean_first' from command line to 'False'
[2.348s] Level 5:colcon.colcon_core.verb:set package 'my_py_pkg' build argument 'cmake_force_configure' from command line to 'False'
[2.348s] Level 5:colcon.colcon_core.verb:set package 'my_py_pkg' build argument 'ament_cmake_args' from command line to 'None'
[2.348s] Level 5:colcon.colcon_core.verb:set package 'my_py_pkg' build argument 'catkin_cmake_args' from command line to 'None'
[2.348s] Level 5:colcon.colcon_core.verb:set package 'my_py_pkg' build argument 'catkin_skip_building_tests' from command line to 'False'
[2.348s] DEBUG:colcon.colcon_core.verb:Building package 'my_py_pkg' with the following arguments: {'ament_cmake_args': None, 'build_base': '/home/kim/ros2_ws/src/build/my_py_pkg', 'catkin_cmake_args': None, 'catkin_skip_building_tests': False, 'cmake_args': None, 'cmake_clean_cache': False, 'cmake_clean_first': False, 'cmake_force_configure': False, 'cmake_target': None, 'cmake_target_skip_unavailable': False, 'install_base': '/home/kim/ros2_ws/src/install/my_py_pkg', 'merge_install': False, 'path': '/home/kim/ros2_ws/src/my_py_pkg', 'symlink_install': False, 'test_result_base': None}
[2.349s] INFO:colcon.colcon_core.executor:Executing jobs using 'parallel' executor
[2.354s] DEBUG:colcon.colcon_parallel_executor.executor.parallel:run_until_complete
[2.355s] INFO:colcon.colcon_ros.task.ament_cmake.build:Building ROS package in '/home/kim/ros2_ws/src/my_cpp_pkg' with build type 'ament_cmake'
[2.356s] INFO:colcon.colcon_cmake.task.cmake.build:Building CMake package in '/home/kim/ros2_ws/src/my_cpp_pkg'
[2.365s] INFO:colcon.colcon_core.plugin_system:Skipping extension 'colcon_core.shell.bat': Not used on non-Windows systems
[2.367s] INFO:colcon.colcon_core.shell:Skip shell extension 'powershell' for command environment: Not usable outside of PowerShell
[2.367s] DEBUG:colcon.colcon_core.shell:Skip shell extension 'dsv' for command environment
[2.396s] INFO:colcon.colcon_ros.task.ament_python.build:Building ROS package in '/home/kim/ros2_ws/src/my_py_pkg' with build type 'ament_python'
[2.400s] Level 1:colcon.colcon_core.shell:create_environment_hook('my_py_pkg', 'ament_prefix_path')
[2.404s] INFO:colcon.colcon_core.shell:Creating environment hook '/home/kim/ros2_ws/src/install/my_py_pkg/share/my_py_pkg/hook/ament_prefix_path.ps1'
[2.411s] INFO:colcon.colcon_core.shell:Creating environment descriptor '/home/kim/ros2_ws/src/install/my_py_pkg/share/my_py_pkg/hook/ament_prefix_path.dsv'
[2.414s] INFO:colcon.colcon_core.shell:Creating environment hook '/home/kim/ros2_ws/src/install/my_py_pkg/share/my_py_pkg/hook/ament_prefix_path.sh'
[2.418s] INFO:colcon.colcon_core.shell:Skip shell extension 'powershell' for command environment: Not usable outside of PowerShell
[2.419s] DEBUG:colcon.colcon_core.shell:Skip shell extension 'dsv' for command environment
[2.489s] DEBUG:colcon.colcon_core.event_handler.log_command:Invoking command in '/home/kim/ros2_ws/src/build/my_cpp_pkg': CMAKE_PREFIX_PATH=${CMAKE_PREFIX_PATH}:/home/kim/ros2_ws/install/my_py_pkg:/opt/ros/foxy /usr/bin/cmake /home/kim/ros2_ws/src/my_cpp_pkg -DCMAKE_INSTALL_PREFIX=/home/kim/ros2_ws/src/install/my_cpp_pkg
[3.713s] INFO:colcon.colcon_core.task.python.build:Building Python package in '/home/kim/ros2_ws/src/my_py_pkg'
[3.718s] INFO:colcon.colcon_core.shell:Skip shell extension 'powershell' for command environment: Not usable outside of PowerShell
[3.718s] DEBUG:colcon.colcon_core.shell:Skip shell extension 'dsv' for command environment
[5.927s] DEBUG:colcon.colcon_core.event_handler.log_command:Invoking command in '/home/kim/ros2_ws/src/my_py_pkg': PYTHONPATH=/home/kim/ros2_ws/src/build/my_py_pkg/prefix_override:/usr/lib/python3/dist-packages/colcon_core/task/python/colcon_distutils_commands:/home/kim/ros2_ws/src/install/my_py_pkg/lib/python3.8/site-packages:${PYTHONPATH} /usr/bin/python3 -W ignore:setup.py install is deprecated setup.py egg_info --egg-base ../build/my_py_pkg build --build-base /home/kim/ros2_ws/src/build/my_py_pkg/build install --record /home/kim/ros2_ws/src/build/my_py_pkg/install.log --install-scripts $base/lib/my_py_pkg --single-version-externally-managed install_data
[7.482s] DEBUG:colcon.colcon_core.event_handler.log_command:Invoked command in '/home/kim/ros2_ws/src/my_py_pkg' returned '0': PYTHONPATH=/home/kim/ros2_ws/src/build/my_py_pkg/prefix_override:/usr/lib/python3/dist-packages/colcon_core/task/python/colcon_distutils_commands:/home/kim/ros2_ws/src/install/my_py_pkg/lib/python3.8/site-packages:${PYTHONPATH} /usr/bin/python3 -W ignore:setup.py install is deprecated setup.py egg_info --egg-base ../build/my_py_pkg build --build-base /home/kim/ros2_ws/src/build/my_py_pkg/build install --record /home/kim/ros2_ws/src/build/my_py_pkg/install.log --install-scripts $base/lib/my_py_pkg --single-version-externally-managed install_data
[7.503s] Level 1:colcon.colcon_core.environment:checking '/home/kim/ros2_ws/src/install/my_py_pkg' for CMake module files
[7.507s] Level 1:colcon.colcon_core.environment:checking '/home/kim/ros2_ws/src/install/my_py_pkg' for CMake config files
[7.512s] Level 1:colcon.colcon_core.environment:checking '/home/kim/ros2_ws/src/install/my_py_pkg/lib'
[7.513s] Level 1:colcon.colcon_core.environment:checking '/home/kim/ros2_ws/src/install/my_py_pkg/bin'
[7.514s] Level 1:colcon.colcon_core.environment:checking '/home/kim/ros2_ws/src/install/my_py_pkg/lib/pkgconfig/my_py_pkg.pc'
[7.515s] Level 1:colcon.colcon_core.environment:checking '/home/kim/ros2_ws/src/install/my_py_pkg/lib/python3.8/site-packages'
[7.516s] Level 1:colcon.colcon_core.shell:create_environment_hook('my_py_pkg', 'pythonpath')
[7.517s] INFO:colcon.colcon_core.shell:Creating environment hook '/home/kim/ros2_ws/src/install/my_py_pkg/share/my_py_pkg/hook/pythonpath.ps1'
[7.520s] INFO:colcon.colcon_core.shell:Creating environment descriptor '/home/kim/ros2_ws/src/install/my_py_pkg/share/my_py_pkg/hook/pythonpath.dsv'
[7.522s] INFO:colcon.colcon_core.shell:Creating environment hook '/home/kim/ros2_ws/src/install/my_py_pkg/share/my_py_pkg/hook/pythonpath.sh'
[7.525s] Level 1:colcon.colcon_core.environment:checking '/home/kim/ros2_ws/src/install/my_py_pkg/bin'
[7.526s] Level 1:colcon.colcon_core.environment:create_environment_scripts_only(my_py_pkg)
[7.528s] INFO:colcon.colcon_core.shell:Creating package script '/home/kim/ros2_ws/src/install/my_py_pkg/share/my_py_pkg/package.ps1'
[7.533s] INFO:colcon.colcon_core.shell:Creating package descriptor '/home/kim/ros2_ws/src/install/my_py_pkg/share/my_py_pkg/package.dsv'
[7.537s] INFO:colcon.colcon_core.shell:Creating package script '/home/kim/ros2_ws/src/install/my_py_pkg/share/my_py_pkg/package.sh'
[7.541s] INFO:colcon.colcon_core.shell:Creating package script '/home/kim/ros2_ws/src/install/my_py_pkg/share/my_py_pkg/package.bash'
[7.546s] INFO:colcon.colcon_core.shell:Creating package script '/home/kim/ros2_ws/src/install/my_py_pkg/share/my_py_pkg/package.zsh'
[7.550s] Level 1:colcon.colcon_core.environment:create_file_with_runtime_dependencies(/home/kim/ros2_ws/src/install/my_py_pkg/share/colcon-core/packages/my_py_pkg)
[11.926s] DEBUG:colcon.colcon_core.event_handler.log_command:Invoked command in '/home/kim/ros2_ws/src/build/my_cpp_pkg' returned '0': CMAKE_PREFIX_PATH=${CMAKE_PREFIX_PATH}:/home/kim/ros2_ws/install/my_py_pkg:/opt/ros/foxy /usr/bin/cmake /home/kim/ros2_ws/src/my_cpp_pkg -DCMAKE_INSTALL_PREFIX=/home/kim/ros2_ws/src/install/my_cpp_pkg
[11.940s] DEBUG:colcon.colcon_core.event_handler.log_command:Invoking command in '/home/kim/ros2_ws/src/build/my_cpp_pkg': CMAKE_PREFIX_PATH=${CMAKE_PREFIX_PATH}:/home/kim/ros2_ws/install/my_py_pkg:/opt/ros/foxy /usr/bin/cmake --build /home/kim/ros2_ws/src/build/my_cpp_pkg -- -j6 -l6
[12.184s] DEBUG:colcon.colcon_core.event_handler.log_command:Invoked command in '/home/kim/ros2_ws/src/build/my_cpp_pkg' returned '0': CMAKE_PREFIX_PATH=${CMAKE_PREFIX_PATH}:/home/kim/ros2_ws/install/my_py_pkg:/opt/ros/foxy /usr/bin/cmake --build /home/kim/ros2_ws/src/build/my_cpp_pkg -- -j6 -l6
[12.387s] DEBUG:colcon.colcon_core.event_handler.log_command:Invoking command in '/home/kim/ros2_ws/src/build/my_cpp_pkg': CMAKE_PREFIX_PATH=${CMAKE_PREFIX_PATH}:/home/kim/ros2_ws/install/my_py_pkg:/opt/ros/foxy /usr/bin/cmake --install /home/kim/ros2_ws/src/build/my_cpp_pkg
[12.457s] Level 1:colcon.colcon_core.environment:create_environment_scripts_only(my_cpp_pkg)
[12.461s] Level 1:colcon.colcon_core.environment:checking '/home/kim/ros2_ws/src/install/my_cpp_pkg' for CMake module files
[12.463s] DEBUG:colcon.colcon_core.event_handler.log_command:Invoked command in '/home/kim/ros2_ws/src/build/my_cpp_pkg' returned '0': CMAKE_PREFIX_PATH=${CMAKE_PREFIX_PATH}:/home/kim/ros2_ws/install/my_py_pkg:/opt/ros/foxy /usr/bin/cmake --install /home/kim/ros2_ws/src/build/my_cpp_pkg
[12.466s] Level 1:colcon.colcon_core.environment:checking '/home/kim/ros2_ws/src/install/my_cpp_pkg' for CMake config files
[12.467s] Level 1:colcon.colcon_core.shell:create_environment_hook('my_cpp_pkg', 'cmake_prefix_path')
[12.469s] INFO:colcon.colcon_core.shell:Creating environment hook '/home/kim/ros2_ws/src/install/my_cpp_pkg/share/my_cpp_pkg/hook/cmake_prefix_path.ps1'
[12.472s] INFO:colcon.colcon_core.shell:Creating environment descriptor '/home/kim/ros2_ws/src/install/my_cpp_pkg/share/my_cpp_pkg/hook/cmake_prefix_path.dsv'
[12.474s] INFO:colcon.colcon_core.shell:Creating environment hook '/home/kim/ros2_ws/src/install/my_cpp_pkg/share/my_cpp_pkg/hook/cmake_prefix_path.sh'
[12.477s] Level 1:colcon.colcon_core.environment:checking '/home/kim/ros2_ws/src/install/my_cpp_pkg/bin'
[12.478s] Level 1:colcon.colcon_core.environment:checking '/home/kim/ros2_ws/src/install/my_cpp_pkg/lib/pkgconfig/my_cpp_pkg.pc'
[12.479s] Level 1:colcon.colcon_core.environment:checking '/home/kim/ros2_ws/src/install/my_cpp_pkg/lib/python3.8/site-packages'
[12.480s] Level 1:colcon.colcon_core.environment:checking '/home/kim/ros2_ws/src/install/my_cpp_pkg/bin'
[12.481s] INFO:colcon.colcon_core.shell:Creating package script '/home/kim/ros2_ws/src/install/my_cpp_pkg/share/my_cpp_pkg/package.ps1'
[12.484s] INFO:colcon.colcon_core.shell:Creating package descriptor '/home/kim/ros2_ws/src/install/my_cpp_pkg/share/my_cpp_pkg/package.dsv'
[12.486s] INFO:colcon.colcon_core.shell:Creating package script '/home/kim/ros2_ws/src/install/my_cpp_pkg/share/my_cpp_pkg/package.sh'
[12.488s] INFO:colcon.colcon_core.shell:Creating package script '/home/kim/ros2_ws/src/install/my_cpp_pkg/share/my_cpp_pkg/package.bash'
[12.490s] INFO:colcon.colcon_core.shell:Creating package script '/home/kim/ros2_ws/src/install/my_cpp_pkg/share/my_cpp_pkg/package.zsh'
[12.492s] Level 1:colcon.colcon_core.environment:create_file_with_runtime_dependencies(/home/kim/ros2_ws/src/install/my_cpp_pkg/share/colcon-core/packages/my_cpp_pkg)
[12.619s] Level 1:colcon.colcon_core.environment:create_environment_scripts_only(my_cpp_pkg)
[12.621s] Level 1:colcon.colcon_core.environment:checking '/home/kim/ros2_ws/src/install/my_cpp_pkg' for CMake module files
[12.625s] Level 1:colcon.colcon_core.environment:checking '/home/kim/ros2_ws/src/install/my_cpp_pkg' for CMake config files
[12.626s] Level 1:colcon.colcon_core.shell:create_environment_hook('my_cpp_pkg', 'cmake_prefix_path')
[12.627s] INFO:colcon.colcon_core.shell:Creating environment hook '/home/kim/ros2_ws/src/install/my_cpp_pkg/share/my_cpp_pkg/hook/cmake_prefix_path.ps1'
[12.631s] INFO:colcon.colcon_core.shell:Creating environment descriptor '/home/kim/ros2_ws/src/install/my_cpp_pkg/share/my_cpp_pkg/hook/cmake_prefix_path.dsv'
[12.633s] INFO:colcon.colcon_core.shell:Creating environment hook '/home/kim/ros2_ws/src/install/my_cpp_pkg/share/my_cpp_pkg/hook/cmake_prefix_path.sh'
[12.637s] Level 1:colcon.colcon_core.environment:checking '/home/kim/ros2_ws/src/install/my_cpp_pkg/bin'
[12.637s] Level 1:colcon.colcon_core.environment:checking '/home/kim/ros2_ws/src/install/my_cpp_pkg/lib/pkgconfig/my_cpp_pkg.pc'
[12.639s] Level 1:colcon.colcon_core.environment:checking '/home/kim/ros2_ws/src/install/my_cpp_pkg/lib/python3.8/site-packages'
[12.640s] Level 1:colcon.colcon_core.environment:checking '/home/kim/ros2_ws/src/install/my_cpp_pkg/bin'
[12.641s] INFO:colcon.colcon_core.shell:Creating package script '/home/kim/ros2_ws/src/install/my_cpp_pkg/share/my_cpp_pkg/package.ps1'
[12.644s] INFO:colcon.colcon_core.shell:Creating package descriptor '/home/kim/ros2_ws/src/install/my_cpp_pkg/share/my_cpp_pkg/package.dsv'
[12.646s] INFO:colcon.colcon_core.shell:Creating package script '/home/kim/ros2_ws/src/install/my_cpp_pkg/share/my_cpp_pkg/package.sh'
[12.649s] INFO:colcon.colcon_core.shell:Creating package script '/home/kim/ros2_ws/src/install/my_cpp_pkg/share/my_cpp_pkg/package.bash'
[12.651s] INFO:colcon.colcon_core.shell:Creating package script '/home/kim/ros2_ws/src/install/my_cpp_pkg/share/my_cpp_pkg/package.zsh'
[12.653s] Level 1:colcon.colcon_core.environment:create_file_with_runtime_dependencies(/home/kim/ros2_ws/src/install/my_cpp_pkg/share/colcon-core/packages/my_cpp_pkg)
[12.656s] DEBUG:colcon.colcon_parallel_executor.executor.parallel:closing loop
[12.658s] DEBUG:colcon.colcon_parallel_executor.executor.parallel:loop closed
[12.659s] DEBUG:colcon.colcon_parallel_executor.executor.parallel:run_until_complete finished with '0'
[12.660s] DEBUG:colcon.colcon_core.event_reactor:joining thread
[12.694s] INFO:colcon.colcon_core.plugin_system:Skipping extension 'colcon_notification.desktop_notification.terminal_notifier': Not used on non-Darwin systems
[12.695s] INFO:colcon.colcon_core.plugin_system:Skipping extension 'colcon_notification.desktop_notification.win32': Not used on non-Windows systems
[12.695s] INFO:colcon.colcon_notification.desktop_notification:Sending desktop notification using 'notify2'
[12.755s] DEBUG:colcon.colcon_core.event_reactor:joined thread
[12.757s] INFO:colcon.colcon_core.shell:Creating prefix script '/home/kim/ros2_ws/src/install/local_setup.ps1'
[12.762s] INFO:colcon.colcon_core.shell:Creating prefix util module '/home/kim/ros2_ws/src/install/_local_setup_util_ps1.py'
[12.768s] INFO:colcon.colcon_core.shell:Creating prefix chain script '/home/kim/ros2_ws/src/install/setup.ps1'
[12.773s] INFO:colcon.colcon_core.shell:Creating prefix script '/home/kim/ros2_ws/src/install/local_setup.sh'
[12.776s] INFO:colcon.colcon_core.shell:Creating prefix util module '/home/kim/ros2_ws/src/install/_local_setup_util_sh.py'
[12.779s] INFO:colcon.colcon_core.shell:Creating prefix chain script '/home/kim/ros2_ws/src/install/setup.sh'
[12.784s] INFO:colcon.colcon_core.shell:Creating prefix script '/home/kim/ros2_ws/src/install/local_setup.bash'
[12.787s] INFO:colcon.colcon_core.shell:Creating prefix chain script '/home/kim/ros2_ws/src/install/setup.bash'
[12.792s] INFO:colcon.colcon_core.shell:Creating prefix script '/home/kim/ros2_ws/src/install/local_setup.zsh'
[12.794s] INFO:colcon.colcon_core.shell:Creating prefix chain script '/home/kim/ros2_ws/src/install/setup.zsh'
