[0.885s] DEBUG:colcon:Command line arguments: ['/usr/bin/colcon', 'build']
[0.885s] DEBUG:colcon:Parsed command line arguments: Namespace(allow_overriding=[], ament_cmake_args=None, base_paths=['.'], build_base='build', catkin_cmake_args=None, catkin_skip_building_tests=False, cmake_args=None, cmake_clean_cache=False, cmake_clean_first=False, cmake_force_configure=False, cmake_target=None, cmake_target_skip_unavailable=False, continue_on_error=False, event_handlers=None, executor='parallel', ignore_user_meta=False, install_base='install', log_base=None, log_level=None, main=<bound method BuildVerb.main of <colcon_core.verb.build.BuildVerb object at 0xffffb9c67eb0>>, merge_install=False, metas=['./colcon.meta'], mixin=None, mixin_files=None, mixin_verb=('build',), packages_above=None, packages_above_and_dependencies=None, packages_above_depth=None, packages_end=None, packages_ignore=None, packages_ignore_regex=None, packages_select=None, packages_select_build_failed=False, packages_select_by_dep=None, packages_select_regex=None, packages_select_test_failures=False, packages_skip=None, packages_skip_build_finished=False, packages_skip_by_dep=None, packages_skip_regex=None, packages_skip_test_passed=False, packages_skip_up_to=None, packages_start=None, packages_up_to=None, packages_up_to_regex=None, parallel_workers=6, paths=None, symlink_install=False, test_result_base=None, verb_extension=<colcon_core.verb.build.BuildVerb object at 0xffffb9c67eb0>, verb_name='build', verb_parser=<colcon_mixin.mixin.mixin_argument.MixinArgumentDecorator object at 0xffffb9b98d30>)
[1.610s] Level 1:colcon.colcon_core.package_discovery:discover_packages(colcon_meta) check parameters
[1.611s] Level 1:colcon.colcon_core.package_discovery:discover_packages(recursive) check parameters
[1.611s] Level 1:colcon.colcon_core.package_discovery:discover_packages(ignore) check parameters
[1.611s] Level 1:colcon.colcon_core.package_discovery:discover_packages(path) check parameters
[1.611s] Level 1:colcon.colcon_core.package_discovery:discover_packages(colcon_meta) discover
[1.612s] Level 1:colcon.colcon_core.package_discovery:discover_packages(recursive) discover
[1.612s] INFO:colcon.colcon_core.package_discovery:Crawling recursively for packages in '/home/kim/ros2_ws'
[1.613s] Level 1:colcon.colcon_core.package_identification:_identify(.) by extensions ['ignore', 'ignore_ament_install']
[1.613s] Level 1:colcon.colcon_core.package_identification:_identify(.) by extension 'ignore'
[1.614s] Level 1:colcon.colcon_core.package_identification:_identify(.) by extension 'ignore_ament_install'
[1.614s] Level 1:colcon.colcon_core.package_identification:_identify(.) by extensions ['colcon_pkg']
[1.614s] Level 1:colcon.colcon_core.package_identification:_identify(.) by extension 'colcon_pkg'
[1.614s] Level 1:colcon.colcon_core.package_identification:_identify(.) by extensions ['colcon_meta']
[1.615s] Level 1:colcon.colcon_core.package_identification:_identify(.) by extension 'colcon_meta'
[1.615s] Level 1:colcon.colcon_core.package_identification:_identify(.) by extensions ['ros']
[1.615s] Level 1:colcon.colcon_core.package_identification:_identify(.) by extension 'ros'
[1.673s] Level 1:colcon.colcon_core.package_identification:_identify(.) by extensions ['cmake', 'python']
[1.674s] Level 1:colcon.colcon_core.package_identification:_identify(.) by extension 'cmake'
[1.674s] Level 1:colcon.colcon_core.package_identification:_identify(.) by extension 'python'
[1.674s] Level 1:colcon.colcon_core.package_identification:_identify(.) by extensions ['python_setup_py']
[1.674s] Level 1:colcon.colcon_core.package_identification:_identify(.) by extension 'python_setup_py'
[1.675s] Level 1:colcon.colcon_core.package_identification:_identify(build) by extensions ['ignore', 'ignore_ament_install']
[1.676s] Level 1:colcon.colcon_core.package_identification:_identify(build) by extension 'ignore'
[1.676s] Level 1:colcon.colcon_core.package_identification:_identify(build) ignored
[1.677s] Level 1:colcon.colcon_core.package_identification:_identify(install) by extensions ['ignore', 'ignore_ament_install']
[1.677s] Level 1:colcon.colcon_core.package_identification:_identify(install) by extension 'ignore'
[1.677s] Level 1:colcon.colcon_core.package_identification:_identify(install) ignored
[1.678s] Level 1:colcon.colcon_core.package_identification:_identify(log) by extensions ['ignore', 'ignore_ament_install']
[1.678s] Level 1:colcon.colcon_core.package_identification:_identify(log) by extension 'ignore'
[1.679s] Level 1:colcon.colcon_core.package_identification:_identify(log) ignored
[1.679s] Level 1:colcon.colcon_core.package_identification:_identify(src) by extensions ['ignore', 'ignore_ament_install']
[1.680s] Level 1:colcon.colcon_core.package_identification:_identify(src) by extension 'ignore'
[1.680s] Level 1:colcon.colcon_core.package_identification:_identify(src) by extension 'ignore_ament_install'
[1.680s] Level 1:colcon.colcon_core.package_identification:_identify(src) by extensions ['colcon_pkg']
[1.681s] Level 1:colcon.colcon_core.package_identification:_identify(src) by extension 'colcon_pkg'
[1.681s] Level 1:colcon.colcon_core.package_identification:_identify(src) by extensions ['colcon_meta']
[1.681s] Level 1:colcon.colcon_core.package_identification:_identify(src) by extension 'colcon_meta'
[1.681s] Level 1:colcon.colcon_core.package_identification:_identify(src) by extensions ['ros']
[1.681s] Level 1:colcon.colcon_core.package_identification:_identify(src) by extension 'ros'
[1.682s] Level 1:colcon.colcon_core.package_identification:_identify(src) by extensions ['cmake', 'python']
[1.682s] Level 1:colcon.colcon_core.package_identification:_identify(src) by extension 'cmake'
[1.682s] Level 1:colcon.colcon_core.package_identification:_identify(src) by extension 'python'
[1.683s] Level 1:colcon.colcon_core.package_identification:_identify(src) by extensions ['python_setup_py']
[1.683s] Level 1:colcon.colcon_core.package_identification:_identify(src) by extension 'python_setup_py'
[1.683s] Level 1:colcon.colcon_core.package_identification:_identify(src/my_py_pkg) by extensions ['ignore', 'ignore_ament_install']
[1.684s] Level 1:colcon.colcon_core.package_identification:_identify(src/my_py_pkg) by extension 'ignore'
[1.684s] Level 1:colcon.colcon_core.package_identification:_identify(src/my_py_pkg) by extension 'ignore_ament_install'
[1.685s] Level 1:colcon.colcon_core.package_identification:_identify(src/my_py_pkg) by extensions ['colcon_pkg']
[1.685s] Level 1:colcon.colcon_core.package_identification:_identify(src/my_py_pkg) by extension 'colcon_pkg'
[1.685s] Level 1:colcon.colcon_core.package_identification:_identify(src/my_py_pkg) by extensions ['colcon_meta']
[1.685s] Level 1:colcon.colcon_core.package_identification:_identify(src/my_py_pkg) by extension 'colcon_meta'
[1.686s] Level 1:colcon.colcon_core.package_identification:_identify(src/my_py_pkg) by extensions ['ros']
[1.686s] Level 1:colcon.colcon_core.package_identification:_identify(src/my_py_pkg) by extension 'ros'
[1.699s] DEBUG:colcon.colcon_core.package_identification:Package 'src/my_py_pkg' with type 'ros.ament_python' and name 'my_py_pkg'
[1.699s] Level 1:colcon.colcon_core.package_discovery:discover_packages(recursive) using defaults
[1.700s] Level 1:colcon.colcon_core.package_discovery:discover_packages(ignore) discover
[1.700s] Level 1:colcon.colcon_core.package_discovery:discover_packages(ignore) using defaults
[1.700s] Level 1:colcon.colcon_core.package_discovery:discover_packages(path) discover
[1.700s] Level 1:colcon.colcon_core.package_discovery:discover_packages(path) using defaults
[1.775s] Level 1:colcon.colcon_core.package_discovery:discover_packages(prefix_path) check parameters
[1.775s] Level 1:colcon.colcon_core.package_discovery:discover_packages(prefix_path) discover
[1.780s] Level 1:colcon.colcon_core.package_discovery:discover_packages(prefix_path) using defaults
[1.786s] Level 5:colcon.colcon_core.verb:set package 'my_py_pkg' build argument 'cmake_args' from command line to 'None'
[1.786s] Level 5:colcon.colcon_core.verb:set package 'my_py_pkg' build argument 'cmake_target' from command line to 'None'
[1.786s] Level 5:colcon.colcon_core.verb:set package 'my_py_pkg' build argument 'cmake_target_skip_unavailable' from command line to 'False'
[1.787s] Level 5:colcon.colcon_core.verb:set package 'my_py_pkg' build argument 'cmake_clean_cache' from command line to 'False'
[1.787s] Level 5:colcon.colcon_core.verb:set package 'my_py_pkg' build argument 'cmake_clean_first' from command line to 'False'
[1.787s] Level 5:colcon.colcon_core.verb:set package 'my_py_pkg' build argument 'cmake_force_configure' from command line to 'False'
[1.787s] Level 5:colcon.colcon_core.verb:set package 'my_py_pkg' build argument 'ament_cmake_args' from command line to 'None'
[1.787s] Level 5:colcon.colcon_core.verb:set package 'my_py_pkg' build argument 'catkin_cmake_args' from command line to 'None'
[1.787s] Level 5:colcon.colcon_core.verb:set package 'my_py_pkg' build argument 'catkin_skip_building_tests' from command line to 'False'
[1.788s] DEBUG:colcon.colcon_core.verb:Building package 'my_py_pkg' with the following arguments: {'ament_cmake_args': None, 'build_base': '/home/kim/ros2_ws/build/my_py_pkg', 'catkin_cmake_args': None, 'catkin_skip_building_tests': False, 'cmake_args': None, 'cmake_clean_cache': False, 'cmake_clean_first': False, 'cmake_force_configure': False, 'cmake_target': None, 'cmake_target_skip_unavailable': False, 'install_base': '/home/kim/ros2_ws/install/my_py_pkg', 'merge_install': False, 'path': '/home/kim/ros2_ws/src/my_py_pkg', 'symlink_install': False, 'test_result_base': None}
[1.788s] INFO:colcon.colcon_core.executor:Executing jobs using 'parallel' executor
[1.793s] DEBUG:colcon.colcon_parallel_executor.executor.parallel:run_until_complete
[1.795s] INFO:colcon.colcon_ros.task.ament_python.build:Building ROS package in '/home/kim/ros2_ws/src/my_py_pkg' with build type 'ament_python'
[1.795s] Level 1:colcon.colcon_core.shell:create_environment_hook('my_py_pkg', 'ament_prefix_path')
[1.805s] INFO:colcon.colcon_core.plugin_system:Skipping extension 'colcon_core.shell.bat': Not used on non-Windows systems
[1.807s] INFO:colcon.colcon_core.shell:Creating environment hook '/home/kim/ros2_ws/install/my_py_pkg/share/my_py_pkg/hook/ament_prefix_path.ps1'
[1.810s] INFO:colcon.colcon_core.shell:Creating environment descriptor '/home/kim/ros2_ws/install/my_py_pkg/share/my_py_pkg/hook/ament_prefix_path.dsv'
[1.812s] INFO:colcon.colcon_core.shell:Creating environment hook '/home/kim/ros2_ws/install/my_py_pkg/share/my_py_pkg/hook/ament_prefix_path.sh'
[1.816s] INFO:colcon.colcon_core.shell:Skip shell extension 'powershell' for command environment: Not usable outside of PowerShell
[1.816s] DEBUG:colcon.colcon_core.shell:Skip shell extension 'dsv' for command environment
[2.859s] INFO:colcon.colcon_core.task.python.build:Building Python package in '/home/kim/ros2_ws/src/my_py_pkg'
[2.863s] INFO:colcon.colcon_core.shell:Skip shell extension 'powershell' for command environment: Not usable outside of PowerShell
[2.863s] DEBUG:colcon.colcon_core.shell:Skip shell extension 'dsv' for command environment
[4.699s] DEBUG:colcon.colcon_core.event_handler.log_command:Invoking command in '/home/kim/ros2_ws/src/my_py_pkg': PYTHONPATH=/home/kim/ros2_ws/build/my_py_pkg/prefix_override:/usr/lib/python3/dist-packages/colcon_core/task/python/colcon_distutils_commands:/home/kim/ros2_ws/install/my_py_pkg/lib/python3.8/site-packages: /usr/bin/python3 -W ignore:setup.py install is deprecated setup.py egg_info --egg-base ../../build/my_py_pkg build --build-base /home/kim/ros2_ws/build/my_py_pkg/build install --record /home/kim/ros2_ws/build/my_py_pkg/install.log --install-scripts $base/lib/my_py_pkg --single-version-externally-managed install_data
[6.056s] DEBUG:colcon.colcon_core.event_handler.log_command:Invoked command in '/home/kim/ros2_ws/src/my_py_pkg' returned '0': PYTHONPATH=/home/kim/ros2_ws/build/my_py_pkg/prefix_override:/usr/lib/python3/dist-packages/colcon_core/task/python/colcon_distutils_commands:/home/kim/ros2_ws/install/my_py_pkg/lib/python3.8/site-packages: /usr/bin/python3 -W ignore:setup.py install is deprecated setup.py egg_info --egg-base ../../build/my_py_pkg build --build-base /home/kim/ros2_ws/build/my_py_pkg/build install --record /home/kim/ros2_ws/build/my_py_pkg/install.log --install-scripts $base/lib/my_py_pkg --single-version-externally-managed install_data
[6.069s] Level 1:colcon.colcon_core.environment:checking '/home/kim/ros2_ws/install/my_py_pkg' for CMake module files
[6.072s] Level 1:colcon.colcon_core.environment:checking '/home/kim/ros2_ws/install/my_py_pkg' for CMake config files
[6.078s] Level 1:colcon.colcon_core.environment:checking '/home/kim/ros2_ws/install/my_py_pkg/lib'
[6.079s] Level 1:colcon.colcon_core.environment:checking '/home/kim/ros2_ws/install/my_py_pkg/bin'
[6.079s] Level 1:colcon.colcon_core.environment:checking '/home/kim/ros2_ws/install/my_py_pkg/lib/pkgconfig/my_py_pkg.pc'
[6.081s] Level 1:colcon.colcon_core.environment:checking '/home/kim/ros2_ws/install/my_py_pkg/lib/python3.8/site-packages'
[6.081s] Level 1:colcon.colcon_core.shell:create_environment_hook('my_py_pkg', 'pythonpath')
[6.082s] INFO:colcon.colcon_core.shell:Creating environment hook '/home/kim/ros2_ws/install/my_py_pkg/share/my_py_pkg/hook/pythonpath.ps1'
[6.086s] INFO:colcon.colcon_core.shell:Creating environment descriptor '/home/kim/ros2_ws/install/my_py_pkg/share/my_py_pkg/hook/pythonpath.dsv'
[6.088s] INFO:colcon.colcon_core.shell:Creating environment hook '/home/kim/ros2_ws/install/my_py_pkg/share/my_py_pkg/hook/pythonpath.sh'
[6.090s] Level 1:colcon.colcon_core.environment:checking '/home/kim/ros2_ws/install/my_py_pkg/bin'
[6.091s] Level 1:colcon.colcon_core.environment:create_environment_scripts_only(my_py_pkg)
[6.092s] INFO:colcon.colcon_core.shell:Creating package script '/home/kim/ros2_ws/install/my_py_pkg/share/my_py_pkg/package.ps1'
[6.097s] INFO:colcon.colcon_core.shell:Creating package descriptor '/home/kim/ros2_ws/install/my_py_pkg/share/my_py_pkg/package.dsv'
[6.100s] INFO:colcon.colcon_core.shell:Creating package script '/home/kim/ros2_ws/install/my_py_pkg/share/my_py_pkg/package.sh'
[6.103s] INFO:colcon.colcon_core.shell:Creating package script '/home/kim/ros2_ws/install/my_py_pkg/share/my_py_pkg/package.bash'
[6.107s] INFO:colcon.colcon_core.shell:Creating package script '/home/kim/ros2_ws/install/my_py_pkg/share/my_py_pkg/package.zsh'
[6.110s] Level 1:colcon.colcon_core.environment:create_file_with_runtime_dependencies(/home/kim/ros2_ws/install/my_py_pkg/share/colcon-core/packages/my_py_pkg)
[6.113s] DEBUG:colcon.colcon_parallel_executor.executor.parallel:closing loop
[6.115s] DEBUG:colcon.colcon_parallel_executor.executor.parallel:loop closed
[6.116s] DEBUG:colcon.colcon_parallel_executor.executor.parallel:run_until_complete finished with '0'
[6.116s] DEBUG:colcon.colcon_core.event_reactor:joining thread
[6.140s] INFO:colcon.colcon_core.plugin_system:Skipping extension 'colcon_notification.desktop_notification.terminal_notifier': Not used on non-Darwin systems
[6.141s] INFO:colcon.colcon_core.plugin_system:Skipping extension 'colcon_notification.desktop_notification.win32': Not used on non-Windows systems
[6.141s] INFO:colcon.colcon_notification.desktop_notification:Sending desktop notification using 'notify2'
[6.231s] DEBUG:colcon.colcon_core.event_reactor:joined thread
[6.233s] INFO:colcon.colcon_core.shell:Creating prefix script '/home/kim/ros2_ws/install/local_setup.ps1'
[6.238s] INFO:colcon.colcon_core.shell:Creating prefix util module '/home/kim/ros2_ws/install/_local_setup_util_ps1.py'
[6.245s] INFO:colcon.colcon_core.shell:Creating prefix chain script '/home/kim/ros2_ws/install/setup.ps1'
[6.249s] INFO:colcon.colcon_core.shell:Creating prefix script '/home/kim/ros2_ws/install/local_setup.sh'
[6.252s] INFO:colcon.colcon_core.shell:Creating prefix util module '/home/kim/ros2_ws/install/_local_setup_util_sh.py'
[6.255s] INFO:colcon.colcon_core.shell:Creating prefix chain script '/home/kim/ros2_ws/install/setup.sh'
[6.259s] INFO:colcon.colcon_core.shell:Creating prefix script '/home/kim/ros2_ws/install/local_setup.bash'
[6.262s] INFO:colcon.colcon_core.shell:Creating prefix chain script '/home/kim/ros2_ws/install/setup.bash'
[6.265s] INFO:colcon.colcon_core.shell:Creating prefix script '/home/kim/ros2_ws/install/local_setup.zsh'
[6.268s] INFO:colcon.colcon_core.shell:Creating prefix chain script '/home/kim/ros2_ws/install/setup.zsh'
